\BOOKMARK [0][]{chapter.1}{1 Physics of the Quark-Gluon Plasma}{}% 1
\BOOKMARK [1][-]{section.1.1}{1.1 Standard Model}{chapter.1}% 2
\BOOKMARK [1][-]{section.1.2}{1.2 Quantum Chromodynamics and Quark-Gluon Plasma}{chapter.1}% 3
\BOOKMARK [1][-]{section.1.3}{1.3 Heavy-Ion Physics}{chapter.1}% 4
\BOOKMARK [1][-]{section.1.4}{1.4 Physics of Small systems}{chapter.1}% 5
\BOOKMARK [0][]{chapter.2}{2 Hadronic resonance production in pp and heavy-ion collisions}{}% 6
\BOOKMARK [1][-]{section.2.1}{2.1 Strange hadronic resonance production}{chapter.2}% 7
\BOOKMARK [2][-]{subsection.2.1.1}{2.1.1 Strangeness Production}{section.2.1}% 8
\BOOKMARK [2][-]{subsection.2.1.2}{2.1.2 Resonances and Chemical and Kinetic freeze-out}{section.2.1}% 9
\BOOKMARK [1][-]{section.2.2}{2.2 Recent resonance results at the LHC}{chapter.2}% 10
\BOOKMARK [2][-]{subsection.2.2.1}{2.2.1 Resonances in pp and p-Pb collisions}{section.2.2}% 11
\BOOKMARK [2][-]{subsection.2.2.2}{2.2.2 Resonances in Pb-Pb collisions}{section.2.2}% 12
\BOOKMARK [1][-]{section.2.3}{2.3 Theoretical Models}{chapter.2}% 13
\BOOKMARK [2][-]{subsection.2.3.1}{2.3.1 Microscopic Models}{section.2.3}% 14
\BOOKMARK [2][-]{subsection.2.3.2}{2.3.2 Statistical Models}{section.2.3}% 15
\BOOKMARK [2][-]{subsection.2.3.3}{2.3.3 Hybrid Models}{section.2.3}% 16
\BOOKMARK [0][]{chapter.3}{3 A Large Ion Collider Experiment at LHC}{}% 17
\BOOKMARK [1][-]{section.3.1}{3.1 The Large Hadron Collider}{chapter.3}% 18
\BOOKMARK [2][-]{subsection.3.1.1}{3.1.1 The LHC as a heavy-ion accelerator}{section.3.1}% 19
\BOOKMARK [1][-]{section.3.2}{3.2 The ALICE Detector}{chapter.3}% 20
\BOOKMARK [2][-]{subsection.3.2.1}{3.2.1 Inner Tracking System}{section.3.2}% 21
\BOOKMARK [2][-]{subsection.3.2.2}{3.2.2 The Time Projection Chamber}{section.3.2}% 22
\BOOKMARK [2][-]{subsection.3.2.3}{3.2.3 The Time of Flight Detector}{section.3.2}% 23
\BOOKMARK [2][-]{subsection.3.2.4}{3.2.4 VZERO}{section.3.2}% 24
\BOOKMARK [2][-]{subsection.3.2.5}{3.2.5 Data Acquisition \(DAQ\) and Trigger systems }{section.3.2}% 25
\BOOKMARK [2][-]{subsection.3.2.6}{3.2.6 Data flow: from the Online to the Offline }{section.3.2}% 26
\BOOKMARK [2][-]{subsection.3.2.7}{3.2.7 ALICE Offline software framework }{section.3.2}% 27
\BOOKMARK [2][-]{subsection.3.2.8}{3.2.8 Event reconstruction }{section.3.2}% 28
\BOOKMARK [2][-]{subsection.3.2.9}{3.2.9 Particle identification with the TPC }{section.3.2}% 29
\BOOKMARK [2][-]{subsection.3.2.10}{3.2.10 Centrality Determination?}{section.3.2}% 30
\BOOKMARK [0][]{chapter.4}{4 K0 \040and K* \040resonance reconstruction in pp collisions}{}% 31
\BOOKMARK [1][-]{section.4.1}{4.1 Signal Extraction}{chapter.4}% 32
\BOOKMARK [2][-]{subsection.4.1.1}{4.1.1 Uncorrelated background estimate}{section.4.1}% 33
\BOOKMARK [1][-]{section.4.2}{4.2 K* Mass Determination}{chapter.4}% 34
\BOOKMARK [2][-]{subsection.4.2.1}{4.2.1 Systematic uncertainty on mass estimation}{section.4.2}% 35
\BOOKMARK [0][]{chapter.5}{5 Measurement of K* \040production in pp collisions}{}% 36
\BOOKMARK [1][-]{section.5.1}{5.1 K* \040reconstruction in pp collisions}{chapter.5}% 37
\BOOKMARK [2][-]{subsection.5.1.1}{5.1.1 Data sample and event selection}{section.5.1}% 38
\BOOKMARK [2][-]{subsection.5.1.2}{5.1.2 Primary pion selection}{section.5.1}% 39
\BOOKMARK [2][-]{subsection.5.1.3}{5.1.3 V0 selection}{section.5.1}% 40
\BOOKMARK [2][-]{subsection.5.1.4}{5.1.4 Signal Extraction}{section.5.1}% 41
\BOOKMARK [2][-]{subsection.5.1.5}{5.1.5 Raw Yield Estimation}{section.5.1}% 42
\BOOKMARK [1][-]{section.5.2}{5.2 Efficiency Correction}{chapter.5}% 43
\BOOKMARK [1][-]{section.5.3}{5.3 Systematic Uncertainties estimation}{chapter.5}% 44
\BOOKMARK [1][-]{section.5.4}{5.4 K* \040transverse momentum spectrum}{chapter.5}% 45
\BOOKMARK [0][]{chapter.6}{6 K0 \040Comparisons}{}% 46
\BOOKMARK [1][-]{section.6.1}{6.1 K0 \040reconstruction in pp collisions}{chapter.6}% 47
\BOOKMARK [1][-]{section.6.2}{6.2 Comparison of K0 \040and K*}{chapter.6}% 48
\BOOKMARK [0][]{chapter.7}{7 Further results and Discussions}{}% 49
\BOOKMARK [1][-]{section.7.1}{7.1 Particle Ratios}{chapter.7}% 50
\BOOKMARK [1][-]{section.7.2}{7.2 Model Comparison}{chapter.7}% 51
\BOOKMARK [1][-]{section.7.3}{7.3 Energy Dependence}{chapter.7}% 52
\BOOKMARK [1][-]{section.7.4}{7.4 K*+ vs K*-}{chapter.7}% 53
\BOOKMARK [0][]{section.7.4}{Conclusions}{}% 54
\BOOKMARK [0][]{section.7.4}{Bibliography}{}% 55
