This is pdfTeX, Version 3.14159265-2.6-1.40.18 (TeX Live 2017) (preloaded format=pdflatex 2017.12.25)  2 JAN 2018 13:25
entering extended mode
 restricted \write18 enabled.
 %&-line parsing enabled.
**Tesi.tex
(./Tesi.tex
LaTeX2e <2017-04-15>
Babel <3.10> and hyphenation patterns for 22 language(s) loaded.
(/usr/local/texlive/2017basic/texmf-dist/tex/latex/base/book.cls
Document Class: book 2014/09/29 v1.4h Standard LaTeX document class
(/usr/local/texlive/2017basic/texmf-dist/tex/latex/base/bk10.clo
File: bk10.clo 2014/09/29 v1.4h Standard LaTeX file (size option)
)
\c@part=\count79
\c@chapter=\count80
\c@section=\count81
\c@subsection=\count82
\c@subsubsection=\count83
\c@paragraph=\count84
\c@subparagraph=\count85
\c@figure=\count86
\c@table=\count87
\abovecaptionskip=\skip41
\belowcaptionskip=\skip42
\bibindent=\dimen102
)
(/usr/local/texlive/2017basic/texmf-dist/tex/latex/base/inputenc.sty
Package: inputenc 2015/03/17 v1.2c Input encoding file
\inpenc@prehook=\toks14
\inpenc@posthook=\toks15

(/usr/local/texlive/2017basic/texmf-dist/tex/latex/base/applemac.def
File: applemac.def 2015/03/17 v1.2c Input encoding file
))
(/usr/local/texlive/2017basic/texmf-dist/tex/latex/koma-script/scrextend.sty
Package: scrextend 2017/04/13 v3.23 KOMA-Script package (extend other classes w
ith features of KOMA-Script classes)

(/usr/local/texlive/2017basic/texmf-dist/tex/latex/koma-script/scrkbase.sty
Package: scrkbase 2017/04/13 v3.23 KOMA-Script package (KOMA-Script-dependent b
asics and keyval usage)

(/usr/local/texlive/2017basic/texmf-dist/tex/latex/koma-script/scrbase.sty
Package: scrbase 2017/04/13 v3.23 KOMA-Script package (KOMA-Script-independent 
basics and keyval usage)

(/usr/local/texlive/2017basic/texmf-dist/tex/latex/graphics/keyval.sty
Package: keyval 2014/10/28 v1.15 key=value parser (DPC)
\KV@toks@=\toks16
)
(/usr/local/texlive/2017basic/texmf-dist/tex/latex/koma-script/scrlfile.sty
Package: scrlfile 2017/04/13 v3.23 KOMA-Script package (loading files)

Package scrlfile, 2017/04/13 v3.23 KOMA-Script package (loading files)
                  Copyright (C) Markus Kohm

)))
LaTeX Info: Redefining \textsubscript on input line 1298.
)
Package scrextend Info: File `scrsize12pt.clo' used to setup font sizes on inpu
t line 20.

(/usr/local/texlive/2017basic/texmf-dist/tex/latex/koma-script/scrsize12pt.clo
File: scrsize12pt.clo 2017/04/13 v3.23 KOMA-Script font size class option (12pt
)
) (/usr/local/texlive/2017basic/texmf-dist/tex/latex/base/fontenc.sty
Package: fontenc 2017/04/05 v2.0i Standard LaTeX package

(/usr/local/texlive/2017basic/texmf-dist/tex/latex/base/t1enc.def
File: t1enc.def 2017/04/05 v2.0i Standard LaTeX file
LaTeX Font Info:    Redeclaring font encoding T1 on input line 48.
))
(/usr/local/texlive/2017basic/texmf-dist/tex/generic/babel/babel.sty
Package: babel 2017/05/19 3.10 The Babel package

(/usr/local/texlive/2017basic/texmf-dist/tex/generic/babel-english/english.ldf
Language: english 2017/01/24 v3.3q English support from the babel system

(/usr/local/texlive/2017basic/texmf-dist/tex/generic/babel/babel.def
File: babel.def 2017/05/19 3.10 Babel common definitions
\babel@savecnt=\count88
\U@D=\dimen103
)
\l@canadian = a dialect from \language\l@american 
\l@australian = a dialect from \language\l@british 
\l@newzealand = a dialect from \language\l@british 
))
(/usr/local/texlive/2017basic/texmf-dist/tex/latex/tools/indentfirst.sty
Package: indentfirst 1995/11/23 v1.03 Indent first paragraph (DPC)
)
(/usr/local/texlive/2017basic/texmf-dist/tex/latex/amsmath/amsmath.sty
Package: amsmath 2016/11/05 v2.16a AMS math features
\@mathmargin=\skip43

For additional information on amsmath, use the `?' option.
(/usr/local/texlive/2017basic/texmf-dist/tex/latex/amsmath/amstext.sty
Package: amstext 2000/06/29 v2.01 AMS text

(/usr/local/texlive/2017basic/texmf-dist/tex/latex/amsmath/amsgen.sty
File: amsgen.sty 1999/11/30 v2.0 generic functions
\@emptytoks=\toks17
\ex@=\dimen104
))
(/usr/local/texlive/2017basic/texmf-dist/tex/latex/amsmath/amsbsy.sty
Package: amsbsy 1999/11/29 v1.2d Bold Symbols
\pmbraise@=\dimen105
)
(/usr/local/texlive/2017basic/texmf-dist/tex/latex/amsmath/amsopn.sty
Package: amsopn 2016/03/08 v2.02 operator names
)
\inf@bad=\count89
LaTeX Info: Redefining \frac on input line 213.
\uproot@=\count90
\leftroot@=\count91
LaTeX Info: Redefining \overline on input line 375.
\classnum@=\count92
\DOTSCASE@=\count93
LaTeX Info: Redefining \ldots on input line 472.
LaTeX Info: Redefining \dots on input line 475.
LaTeX Info: Redefining \cdots on input line 596.
\Mathstrutbox@=\box26
\strutbox@=\box27
\big@size=\dimen106
LaTeX Font Info:    Redeclaring font encoding OML on input line 712.
LaTeX Font Info:    Redeclaring font encoding OMS on input line 713.
\macc@depth=\count94
\c@MaxMatrixCols=\count95
\dotsspace@=\muskip10
\c@parentequation=\count96
\dspbrk@lvl=\count97
\tag@help=\toks18
\row@=\count98
\column@=\count99
\maxfields@=\count100
\andhelp@=\toks19
\eqnshift@=\dimen107
\alignsep@=\dimen108
\tagshift@=\dimen109
\tagwidth@=\dimen110
\totwidth@=\dimen111
\lineht@=\dimen112
\@envbody=\toks20
\multlinegap=\skip44
\multlinetaggap=\skip45
\mathdisplay@stack=\toks21
LaTeX Info: Redefining \[ on input line 2817.
LaTeX Info: Redefining \] on input line 2818.
)
(/usr/local/texlive/2017basic/texmf-dist/tex/latex/amsfonts/amssymb.sty
Package: amssymb 2013/01/14 v3.01 AMS font symbols

(/usr/local/texlive/2017basic/texmf-dist/tex/latex/amsfonts/amsfonts.sty
Package: amsfonts 2013/01/14 v3.01 Basic AMSFonts support
\symAMSa=\mathgroup4
\symAMSb=\mathgroup5
LaTeX Font Info:    Overwriting math alphabet `\mathfrak' in version `bold'
(Font)                  U/euf/m/n --> U/euf/b/n on input line 106.
))
(/usr/local/texlive/2017basic/texmf-dist/tex/latex/amscls/amsthm.sty
Package: amsthm 2015/03/04 v2.20.2
\thm@style=\toks22
\thm@bodyfont=\toks23
\thm@headfont=\toks24
\thm@notefont=\toks25
\thm@headpunct=\toks26
\thm@preskip=\skip46
\thm@postskip=\skip47
\thm@headsep=\skip48
\dth@everypar=\toks27
)
(/usr/local/texlive/2017basic/texmf-dist/tex/latex/caption/caption.sty
Package: caption 2016/02/21 v3.3-144 Customizing captions (AR)

(/usr/local/texlive/2017basic/texmf-dist/tex/latex/caption/caption3.sty
Package: caption3 2016/05/22 v1.7-166 caption3 kernel (AR)
Package caption3 Info: TeX engine: e-TeX on input line 67.
\captionmargin=\dimen113
\captionmargin@=\dimen114
\captionwidth=\dimen115
\caption@tempdima=\dimen116
\caption@indent=\dimen117
\caption@parindent=\dimen118
\caption@hangindent=\dimen119
)
\c@ContinuedFloat=\count101
)
(/usr/local/texlive/2017basic/texmf-dist/tex/latex/minitoc/minitoc.sty
Package: minitoc 2015/07/13 v61 Package minitoc

(/usr/local/texlive/2017basic/texmf-dist/tex/latex/minitoc/mtcmess.sty
Package: mtcmess 2006/03/14
)
Package minitoc Info: I0001
(minitoc)             *** minitoc package, version 61 ***.
\tf@mtc=\write3
\mtcindent=\skip49
\mtcskipamount=\skip50
Package minitoc Info: I0005
(minitoc)             compatible with hyperref.
Package minitoc Info: I0023
(minitoc)             part level macros available.
Package minitoc Info: I0003
(minitoc)             chapter level macros available.
\mtc@toks=\toks28
\mtc@strutbox=\box28
\mtc@hstrutbox=\box29
Package minitoc Info: I0002
(minitoc)             Autoconfiguration of extensions.
\openout3 = `Tesi.mtc0'.

\openout3 = `Tesi.mtc'.


(./Tesi.mtc0)
Package minitoc Info: I0012
(minitoc)             Long extensions (Unix-like) will be used.
Package minitoc Info: I0031
(minitoc)             ==> this version is configured for UNIX-like 
(minitoc)                 (long extensions) file names.
\openout3 = `Tesi.mtc'.

\openout3 = `Tesi.mtc0'.

\c@mtc=\count102
\c@minitocdepth=\count103
\c@ptc=\count104
\c@parttocdepth=\count105
\ptcindent=\skip51
Package minitoc Info: I0010
(minitoc)             The english language is selected.
(minitoc)              on input line 4909.

(/usr/local/texlive/2017basic/texmf-dist/tex/latex/minitoc/english.mld
File: english.mld 2006/01/13
)
(/usr/local/texlive/2017basic/texmf-dist/tex/latex/minitoc/english.mld
File: english.mld 2006/01/13
)
Package minitoc Info: I0010
(minitoc)             The english language is selected.
(minitoc)              on input line 4910.

(/usr/local/texlive/2017basic/texmf-dist/tex/latex/minitoc/english.mld
File: english.mld 2006/01/13
))
(/usr/local/texlive/2017basic/texmf-dist/tex/latex/subfig/subfig.sty
Package: subfig 2005/06/28 ver: 1.3 subfig package
\c@KVtest=\count106
\sf@farskip=\skip52
\sf@captopadj=\dimen120
\sf@capskip=\skip53
\sf@nearskip=\skip54
\c@subfigure=\count107
\c@subfigure@save=\count108
\c@lofdepth=\count109
\c@subtable=\count110
\c@subtable@save=\count111
\c@lotdepth=\count112
\sf@top=\skip55
\sf@bottom=\skip56
)
(/usr/local/texlive/2017basic/texmf-dist/tex/latex/classicthesis/classicthesis.
sty
Package: classicthesis 2017/10/13 v4.4 Typographic style for a classic-looking 
thesis
 (/usr/local/texlive/2017basic/texmf-dist/tex/latex/base/latexrelease.sty
Package: latexrelease 2016/12/29 v1.0h LaTeX release emulation and tests


Package latexrelease Warning: Current format date selected, no patches applied.
.

) (/usr/local/texlive/2017basic/texmf-dist/tex/latex/base/ifthen.sty
Package: ifthen 2014/09/29 v1.1c Standard LaTeX ifthen package (DPC)
)
(/usr/local/texlive/2017basic/texmf-dist/tex/latex/oberdiek/kvoptions.sty
Package: kvoptions 2016/05/16 v3.12 Key value format for package options (HO)

(/usr/local/texlive/2017basic/texmf-dist/tex/generic/oberdiek/ltxcmds.sty
Package: ltxcmds 2016/05/16 v1.23 LaTeX kernel commands for general use (HO)
)
(/usr/local/texlive/2017basic/texmf-dist/tex/generic/oberdiek/kvsetkeys.sty
Package: kvsetkeys 2016/05/16 v1.17 Key value parser (HO)

(/usr/local/texlive/2017basic/texmf-dist/tex/generic/oberdiek/infwarerr.sty
Package: infwarerr 2016/05/16 v1.4 Providing info/warning/error messages (HO)
)
(/usr/local/texlive/2017basic/texmf-dist/tex/generic/oberdiek/etexcmds.sty
Package: etexcmds 2016/05/16 v1.6 Avoid name clashes with e-TeX commands (HO)

(/usr/local/texlive/2017basic/texmf-dist/tex/generic/oberdiek/ifluatex.sty
Package: ifluatex 2016/05/16 v1.4 Provides the ifluatex switch (HO)
Package ifluatex Info: LuaTeX not detected.
)
Package etexcmds Info: Could not find \expanded.
(etexcmds)             That can mean that you are not using pdfTeX 1.50 or
(etexcmds)             that some package has redefined \expanded.
(etexcmds)             In the latter case, load this package earlier.
)))
(/usr/local/texlive/2017basic/texmf-dist/tex/generic/oberdiek/ifpdf.sty
Package: ifpdf 2017/03/15 v3.2 Provides the ifpdf switch
)
(/usr/local/texlive/2017basic/texmf-dist/tex/generic/ifxetex/ifxetex.sty
Package: ifxetex 2010/09/12 v0.6 Provides ifxetex conditional
)
(/usr/local/texlive/2017basic/texmf-dist/tex/latex/hyperref/hyperref.sty
Package: hyperref 2017/03/14 v6.85a Hypertext links for LaTeX

(/usr/local/texlive/2017basic/texmf-dist/tex/generic/oberdiek/hobsub-hyperref.s
ty
Package: hobsub-hyperref 2016/05/16 v1.14 Bundle oberdiek, subset hyperref (HO)


(/usr/local/texlive/2017basic/texmf-dist/tex/generic/oberdiek/hobsub-generic.st
y
Package: hobsub-generic 2016/05/16 v1.14 Bundle oberdiek, subset generic (HO)
Package: hobsub 2016/05/16 v1.14 Construct package bundles (HO)
Package hobsub Info: Skipping package `infwarerr' (already loaded).
Package hobsub Info: Skipping package `ltxcmds' (already loaded).
Package hobsub Info: Skipping package `ifluatex' (already loaded).
Package: ifvtex 2016/05/16 v1.6 Detect VTeX and its facilities (HO)
Package ifvtex Info: VTeX not detected.
Package: intcalc 2016/05/16 v1.2 Expandable calculations with integers (HO)
Package hobsub Info: Skipping package `ifpdf' (already loaded).
Package hobsub Info: Skipping package `etexcmds' (already loaded).
Package hobsub Info: Skipping package `kvsetkeys' (already loaded).
Package: kvdefinekeys 2016/05/16 v1.4 Define keys (HO)
Package: pdftexcmds 2017/03/19 v0.25 Utility functions of pdfTeX for LuaTeX (HO
)
Package pdftexcmds Info: LuaTeX not detected.
Package pdftexcmds Info: \pdf@primitive is available.
Package pdftexcmds Info: \pdf@ifprimitive is available.
Package pdftexcmds Info: \pdfdraftmode found.
Package: pdfescape 2016/05/16 v1.14 Implements pdfTeX's escape features (HO)
Package: bigintcalc 2016/05/16 v1.4 Expandable calculations on big integers (HO
)
Package: bitset 2016/05/16 v1.2 Handle bit-vector datatype (HO)
Package: uniquecounter 2016/05/16 v1.3 Provide unlimited unique counter (HO)
)
Package hobsub Info: Skipping package `hobsub' (already loaded).
Package: letltxmacro 2016/05/16 v1.5 Let assignment for LaTeX macros (HO)
Package: hopatch 2016/05/16 v1.3 Wrapper for package hooks (HO)
Package: xcolor-patch 2016/05/16 xcolor patch
Package: atveryend 2016/05/16 v1.9 Hooks at the very end of document (HO)
Package atveryend Info: \enddocument detected (standard20110627).
Package: atbegshi 2016/06/09 v1.18 At begin shipout hook (HO)
Package: refcount 2016/05/16 v3.5 Data extraction from label references (HO)
Package: hycolor 2016/05/16 v1.8 Color options for hyperref/bookmark (HO)
) (/usr/local/texlive/2017basic/texmf-dist/tex/latex/oberdiek/auxhook.sty
Package: auxhook 2016/05/16 v1.4 Hooks for auxiliary files (HO)
)
\@linkdim=\dimen121
\Hy@linkcounter=\count113
\Hy@pagecounter=\count114

(/usr/local/texlive/2017basic/texmf-dist/tex/latex/hyperref/pd1enc.def
File: pd1enc.def 2017/03/14 v6.85a Hyperref: PDFDocEncoding definition (HO)
)
\Hy@SavedSpaceFactor=\count115

(/usr/local/texlive/2017basic/texmf-dist/tex/latex/latexconfig/hyperref.cfg
File: hyperref.cfg 2002/06/06 v1.2 hyperref configuration of TeXLive
)
Package hyperref Info: Hyper figures OFF on input line 4498.
Package hyperref Info: Link nesting OFF on input line 4503.
Package hyperref Info: Hyper index ON on input line 4506.
Package hyperref Info: Plain pages OFF on input line 4513.
Package hyperref Info: Backreferencing OFF on input line 4518.
Package hyperref Info: Implicit mode ON; LaTeX internals redefined.
Package hyperref Info: Bookmarks ON on input line 4751.
\c@Hy@tempcnt=\count116

(/usr/local/texlive/2017basic/texmf-dist/tex/latex/url/url.sty
\Urlmuskip=\muskip11
Package: url 2013/09/16  ver 3.4  Verb mode for urls, etc.
)
LaTeX Info: Redefining \url on input line 5104.
\XeTeXLinkMargin=\dimen122
\Fld@menulength=\count117
\Field@Width=\dimen123
\Fld@charsize=\dimen124
Package hyperref Info: Hyper figures OFF on input line 6358.
Package hyperref Info: Link nesting OFF on input line 6363.
Package hyperref Info: Hyper index ON on input line 6366.
Package hyperref Info: backreferencing OFF on input line 6373.
Package hyperref Info: Link coloring OFF on input line 6378.
Package hyperref Info: Link coloring with OCG OFF on input line 6383.
Package hyperref Info: PDF/A mode OFF on input line 6388.
LaTeX Info: Redefining \ref on input line 6428.
LaTeX Info: Redefining \pageref on input line 6432.
\Hy@abspage=\count118
\c@Item=\count119
\c@Hfootnote=\count120
)

Package hyperref Message: Driver (autodetected): hpdftex.

(/usr/local/texlive/2017basic/texmf-dist/tex/latex/hyperref/hpdftex.def
File: hpdftex.def 2017/03/14 v6.85a Hyperref driver for pdfTeX
\Fld@listcount=\count121
\c@bookmark@seq@number=\count122

(/usr/local/texlive/2017basic/texmf-dist/tex/latex/oberdiek/rerunfilecheck.sty
Package: rerunfilecheck 2016/05/16 v1.8 Rerun checks for auxiliary files (HO)
Package uniquecounter Info: New unique counter `rerunfilecheck' on input line 2
82.
)
\Hy@SectionHShift=\skip57
) (/usr/local/texlive/2017basic/texmf-dist/tex/latex/xcolor/xcolor.sty
Package: xcolor 2016/05/11 v2.12 LaTeX color extensions (UK)

(/usr/local/texlive/2017basic/texmf-dist/tex/latex/graphics-cfg/color.cfg
File: color.cfg 2016/01/02 v1.6 sample color configuration
)
Package xcolor Info: Driver file: pdftex.def on input line 225.

(/usr/local/texlive/2017basic/texmf-dist/tex/latex/graphics-def/pdftex.def
File: pdftex.def 2017/01/12 v0.06k Graphics/color for pdfTeX
\Gread@gobject=\count123
)
Package xcolor Info: Model `cmy' substituted by `cmy0' on input line 1348.
Package xcolor Info: Model `hsb' substituted by `rgb' on input line 1352.
Package xcolor Info: Model `RGB' extended on input line 1364.
Package xcolor Info: Model `HTML' substituted by `rgb' on input line 1366.
Package xcolor Info: Model `Hsb' substituted by `hsb' on input line 1367.
Package xcolor Info: Model `tHsb' substituted by `hsb' on input line 1368.
Package xcolor Info: Model `HSB' substituted by `hsb' on input line 1369.
Package xcolor Info: Model `Gray' substituted by `gray' on input line 1370.
Package xcolor Info: Model `wave' substituted by `hsb' on input line 1371.

(/usr/local/texlive/2017basic/texmf-dist/tex/latex/graphics/dvipsnam.def
File: dvipsnam.def 2016/06/17 v3.0m Driver-dependent file (DPC,SPQR)
))
(/usr/local/texlive/2017basic/texmf-dist/tex/latex/psnfss/mathpazo.sty
Package: mathpazo 2005/04/12 PSNFSS-v9.2a Palatino w/ Pazo Math (D.Puga, WaS) 
\symupright=\mathgroup6
)
(/usr/local/texlive/2017basic/texmf-dist/tex/latex/bera/beramono.sty
Package: beramono 2004/01/31 (WaS)
)
(/usr/local/texlive/2017basic/texmf-dist/tex/latex/eulervm/eulervm.sty
Package: eulervm 2005/01/11 v4.0 (WaS)
)
LaTeX Font Info:    Try loading font information for U+eur on input line 208.

(/usr/local/texlive/2017basic/texmf-dist/tex/latex/amsfonts/ueur.fd
File: ueur.fd 2013/01/14 v3.01 Euler Roman
)
(/usr/local/texlive/2017basic/texmf-dist/tex/latex/microtype/microtype.sty
Package: microtype 2016/05/14 v2.6a Micro-typographical refinements (RS)
\MT@toks=\toks29
\MT@count=\count124
LaTeX Info: Redefining \textls on input line 774.
\MT@outer@kern=\dimen125
LaTeX Info: Redefining \textmicrotypecontext on input line 1310.
\MT@listname@count=\count125

(/usr/local/texlive/2017basic/texmf-dist/tex/latex/microtype/microtype-pdftex.d
ef
File: microtype-pdftex.def 2016/05/14 v2.6a Definitions specific to pdftex (RS)

LaTeX Info: Redefining \lsstyle on input line 916.
LaTeX Info: Redefining \lslig on input line 916.
\MT@outer@space=\skip58
)
Package microtype Info: Loading configuration file microtype.cfg.
 (/usr/local/texlive/2017basic/texmf-dist/tex/latex/microtype/microtype.cfg
File: microtype.cfg 2016/05/14 v2.6a microtype main configuration file (RS)
)) (/usr/local/texlive/2017basic/texmf-dist/tex/latex/koma-script/typearea.sty
Package: typearea 2017/04/13 v3.23 KOMA-Script package (type area)
\ta@bcor=\skip59
\ta@div=\count126
\ta@hblk=\skip60
\ta@vblk=\skip61
\ta@temp=\skip62
\footheight=\skip63

DIV calculation for typearea with good linewidth.
LaTeX Font Info:    Try loading font information for T1+pplj on input line 1647
.
(/usr/local/texlive/2017basic/texmf-dist/tex/latex/psnfss/t1pplj.fd
File: t1pplj.fd 2004/09/06 font definitions for T1/pplj.
)
Package typearea Info: These are the values describing the layout:
(typearea)             DIV  = 10
(typearea)             BCOR = 34.1433pt
(typearea)             \paperwidth      = 597.50793pt
(typearea)              \textwidth      = 394.35527pt
(typearea)              DIV departure   = 4%
(typearea)              \evensidemargin = 40.40292pt
(typearea)              \oddsidemargin  = 18.20976pt
(typearea)             \paperheight     = 845.04694pt
(typearea)              \textheight     = 499.20117pt
(typearea)              \topmargin      = 12.2347pt
(typearea)              \headheight     = 19.0313pt
(typearea)              \headsep        = 22.83755pt
(typearea)              \topskip        = 12.0pt
(typearea)              \footskip       = 53.28763pt
(typearea)              \baselineskip   = 15.22504pt
(typearea)              on input line 1647.
)
Package classicthesis Info: A4 paper, Palatino or other on input line 276.
Package typearea Info: These are the values describing the layout:
(typearea)             DIV  = areaset
(typearea)             BCOR = 34.1433pt
(typearea)             \paperwidth      = 597.50793pt
(typearea)              \textwidth      = 336.0pt
(typearea)              \evensidemargin = 79.30643pt
(typearea)              \oddsidemargin  = 37.66151pt
(typearea)             \paperheight     = 845.04694pt
(typearea)              \textheight     = 656.87482pt
(typearea)              \topmargin      = -40.58768pt
(typearea)              \headheight     = 17.0pt
(typearea)              \headsep        = 22.83755pt
(typearea)              \topskip        = 12.0pt
(typearea)              \footskip       = 53.28763pt
(typearea)              \baselineskip   = 15.22504pt
(typearea)              on input line 276.

(/usr/local/texlive/2017basic/texmf-dist/tex/latex/booktabs/booktabs.sty
Package: booktabs 2016/04/27 v1.618033 publication quality tables
\heavyrulewidth=\dimen126
\lightrulewidth=\dimen127
\cmidrulewidth=\dimen128
\belowrulesep=\dimen129
\belowbottomsep=\dimen130
\aboverulesep=\dimen131
\abovetopsep=\dimen132
\cmidrulesep=\dimen133
\cmidrulekern=\dimen134
\defaultaddspace=\dimen135
\@cmidla=\count127
\@cmidlb=\count128
\@aboverulesep=\dimen136
\@belowrulesep=\dimen137
\@thisruleclass=\count129
\@lastruleclass=\count130
\@thisrulewidth=\dimen138
)
(/usr/local/texlive/2017basic/texmf-dist/tex/latex/textcase/textcase.sty
Package: textcase 2004/10/07 v0.07 Text only upper/lower case changing (DPC)
)
Package classicthesis Info: Using pdftex/microtype for character spacing.Make s
ure your pdftex is version 1.40 or higher. on input line 364.

(/usr/local/texlive/2017basic/texmf-dist/tex/latex/koma-script/scrlayer-scrpage
.sty
Package: scrlayer-scrpage 2017/04/13 v3.23 KOMA-Script package (end user interf
ace for scrlayer)

(/usr/local/texlive/2017basic/texmf-dist/tex/latex/koma-script/scrlayer.sty
Package: scrlayer 2017/04/13 v3.23 KOMA-Script package (defining layers and pag
e styles)
Package scrlayer Info: Using already defined \footheight
(scrlayer)             hoping, that this is a length and
(scrlayer)             not only a macro on input line 107.
Package scrlayer Info: patching LaTeX kernel macro \pagestyle on input line 198
7.
))
Package scrlayer-scrpage Info: auto-selection of `pagestyleset=standard'.

1: section
1: chapter
1: chapter
1: section
(/usr/local/texlive/2017basic/texmf-dist/tex/latex/titlesec/titlesec.sty
Package: titlesec 2016/03/21 v2.10.2 Sectioning titles
\ttl@box=\box30
\beforetitleunit=\skip64
\aftertitleunit=\skip65
\ttl@plus=\dimen139
\ttl@minus=\dimen140
\ttl@toksa=\toks30
\titlewidth=\dimen141
\titlewidthlast=\dimen142
\titlewidthfirst=\dimen143
)
(/usr/local/texlive/2017basic/texmf-dist/tex/latex/tocloft/tocloft.sty
Package: tocloft 2017/08/31 v2.3i parameterised ToC, etc., typesetting
Package tocloft Info: The document has chapter divisions on input line 51.
\cftparskip=\skip66
\cftbeforetoctitleskip=\skip67
\cftaftertoctitleskip=\skip68
\cftbeforepartskip=\skip69
\cftpartnumwidth=\skip70
\cftpartindent=\skip71
\cftbeforechapskip=\skip72
\cftchapindent=\skip73
\cftchapnumwidth=\skip74
\cftbeforesecskip=\skip75
\cftsecindent=\skip76
\cftsecnumwidth=\skip77
\cftbeforesubsecskip=\skip78
\cftsubsecindent=\skip79
\cftsubsecnumwidth=\skip80
\cftbeforesubsubsecskip=\skip81
\cftsubsubsecindent=\skip82
\cftsubsubsecnumwidth=\skip83
\cftbeforeparaskip=\skip84
\cftparaindent=\skip85
\cftparanumwidth=\skip86
\cftbeforesubparaskip=\skip87
\cftsubparaindent=\skip88
\cftsubparanumwidth=\skip89
\cftbeforeloftitleskip=\skip90
\cftafterloftitleskip=\skip91
\cftbeforefigskip=\skip92
\cftfigindent=\skip93
\cftfignumwidth=\skip94
\cftbeforelottitleskip=\skip95
\cftafterlottitleskip=\skip96
\cftbeforetabskip=\skip97
\cfttabindent=\skip98
\cfttabnumwidth=\skip99
\cftbeforesubfigskip=\skip100
\cftsubfigindent=\skip101
\cftsubfignumwidth=\skip102
\cftbeforesubtabskip=\skip103
\cftsubtabindent=\skip104
\cftsubtabnumwidth=\skip105
)
\newnumberwidth=\skip106
\beforebibskip=\skip107
\newchnumberwidth=\skip108
\figurelabelwidth=\skip109
\tablelabelwidth=\skip110

Using KOMA-command "deffootnote" for footnote setup
(/usr/local/texlive/2017basic/texmf-dist/tex/latex/koma-script/scrtime.sty
Package: scrtime 2017/04/13 v3.23 KOMA-Script package (time of LaTeX run)
)
(/usr/local/texlive/2017basic/texmf-dist/tex/latex/carlisle/remreset.sty))
(/usr/local/texlive/2017basic/texmf-dist/tex/latex/arsclassica/arsclassica.sty
Package: arsclassica 2017/10/31
Package typearea Info: These are the values describing the layout:
(typearea)             DIV  = areaset
(typearea)             BCOR = 34.1433pt
(typearea)             \paperwidth      = 597.50793pt
(typearea)              \textwidth      = 370.0pt
(typearea)              \evensidemargin = 56.63977pt
(typearea)              \oddsidemargin  = 26.32819pt
(typearea)             \paperheight     = 845.04694pt
(typearea)              \textheight     = 690.87482pt
(typearea)              \topmargin      = -51.92102pt
(typearea)              \headheight     = 17.0pt
(typearea)              \headsep        = 22.83755pt
(typearea)              \topskip        = 12.0pt
(typearea)              \footskip       = 53.28763pt
(typearea)              \baselineskip   = 15.22504pt
(typearea)              on input line 17.
LaTeX Info: Redefining \spacedallcaps on input line 48.
LaTeX Info: Redefining \spacedlowsmallcaps on input line 50.

(/usr/local/texlive/2017basic/texmf-dist/tex/latex/titlesec/block.tss
File: block.tss 2016/03/15
)
Package hyperref Info: Option `colorlinks' set `true' on input line 184.
Package hyperref Info: Option `linktocpage' set `true' on input line 184.
Package hyperref Info: Option `breaklinks' set `true' on input line 184.
Package hyperref Info: Option `pageanchor' set `true' on input line 184.
Package hyperref Info: Option `plainpages' set `false' on input line 184.
Package hyperref Info: Option `bookmarksnumbered' set `true' on input line 184.

Package hyperref Info: Option `bookmarksopen' set `true' on input line 184.
Package hyperref Info: Option `hypertexnames' set `true' on input line 184.


Package hyperref Warning: Option `hyperfootnotes' has already been used,
(hyperref)                setting the option has no effect on input line 184.


Package hyperref Warning: Option `pdfpagelabels' has already been used,
(hyperref)                setting the option has no effect on input line 184.

) (/usr/local/texlive/2017basic/texmf-dist/tex/latex/geometry/geometry.sty
Package: geometry 2010/09/12 v5.6 Page Geometry
\Gm@cnth=\count131
\Gm@cntv=\count132
\c@Gm@tempcnt=\count133
\Gm@bindingoffset=\dimen144
\Gm@wd@mp=\dimen145
\Gm@odd@mp=\dimen146
\Gm@even@mp=\dimen147
\Gm@layoutwidth=\dimen148
\Gm@layoutheight=\dimen149
\Gm@layouthoffset=\dimen150
\Gm@layoutvoffset=\dimen151
\Gm@dimlist=\toks31
)
(/usr/local/texlive/2017basic/texmf-dist/tex/latex/graphics/graphicx.sty
Package: graphicx 2014/10/28 v1.0g Enhanced LaTeX Graphics (DPC,SPQR)

(/usr/local/texlive/2017basic/texmf-dist/tex/latex/graphics/graphics.sty
Package: graphics 2017/04/14 v1.1b Standard LaTeX Graphics (DPC,SPQR)

(/usr/local/texlive/2017basic/texmf-dist/tex/latex/graphics/trig.sty
Package: trig 2016/01/03 v1.10 sin cos tan (DPC)
)
(/usr/local/texlive/2017basic/texmf-dist/tex/latex/graphics-cfg/graphics.cfg
File: graphics.cfg 2016/06/04 v1.11 sample graphics configuration
)
Package graphics Info: Driver file: pdftex.def on input line 99.
)
\Gin@req@height=\dimen152
\Gin@req@width=\dimen153
) (/usr/local/texlive/2017basic/texmf-dist/tex/latex/graphics/epsfig.sty
Package: epsfig 1999/02/16 v1.7a (e)psfig emulation (SPQR)
\epsfxsize=\dimen154
\epsfysize=\dimen155
)
(/usr/local/texlive/2017basic/texmf-dist/tex/latex/graphics/rotating.sty
Package: rotating 2016/08/11 v2.16d rotated objects in LaTeX
\c@r@tfl@t=\count134
\rotFPtop=\skip111
\rotFPbot=\skip112
\rot@float@box=\box31
\rot@mess@toks=\toks32
)
(/usr/local/texlive/2017basic/texmf-dist/tex/latex/oberdiek/epstopdf.sty
Package: epstopdf 2016/05/15 v2.6 Conversion with epstopdf on the fly (HO)

(/usr/local/texlive/2017basic/texmf-dist/tex/latex/oberdiek/epstopdf-base.sty
Package: epstopdf-base 2016/05/15 v2.6 Base part for package epstopdf

(/usr/local/texlive/2017basic/texmf-dist/tex/latex/oberdiek/grfext.sty
Package: grfext 2016/05/16 v1.2 Manage graphics extensions (HO)
)
Package epstopdf-base Info: Redefining graphics rule for `.eps' on input line 4
38.
Package grfext Info: Graphics extension search list:
(grfext)             [.png,.pdf,.jpg,.mps,.jpeg,.jbig2,.jb2,.PNG,.PDF,.JPG,.JPE
G,.JBIG2,.JB2,.eps]
(grfext)             \AppendGraphicsExtensions on input line 456.

(/usr/local/texlive/2017basic/texmf-dist/tex/latex/latexconfig/epstopdf-sys.cfg
File: epstopdf-sys.cfg 2010/07/13 v1.3 Configuration of (r)epstopdf for TeX Liv
e
))) (/usr/local/texlive/2017basic/texmf-dist/tex/latex/colortbl/colortbl.sty
Package: colortbl 2012/02/13 v1.0a Color table columns (DPC)

(/usr/local/texlive/2017basic/texmf-dist/tex/latex/tools/array.sty
Package: array 2016/10/06 v2.4d Tabular extension package (FMi)
\col@sep=\dimen156
\extrarowheight=\dimen157
\NC@list=\toks33
\extratabsurround=\skip113
\backup@length=\skip114
)
\everycr=\toks34
\minrowclearance=\skip115
)
(/usr/local/texlive/2017basic/texmf-dist/tex/latex/feynmf/feynmf.sty
Package: feynmf 1996/12/02 v1.08 LaTeX/Metafont Feynman Diagram Package (ohl)
\@outfmf=\write4
\fmfbuf@=\toks35
\c@fmfgraph=\count135
\grep@infile=\read1
\grep@outfile=\write5
)
(./citation.sty

LaTeX Warning: You have requested package `citation',
               but the package provides `citing'.

Package: citing 2009/09/16 A Personal Package
) (/usr/local/texlive/2017basic/texmf-dist/tex/latex/listings/listings.sty
\lst@mode=\count136
\lst@gtempboxa=\box32
\lst@token=\toks36
\lst@length=\count137
\lst@currlwidth=\dimen158
\lst@column=\count138
\lst@pos=\count139
\lst@lostspace=\dimen159
\lst@width=\dimen160
\lst@newlines=\count140
\lst@lineno=\count141
\lst@maxwidth=\dimen161

(/usr/local/texlive/2017basic/texmf-dist/tex/latex/listings/lstmisc.sty
File: lstmisc.sty 2015/06/04 1.6 (Carsten Heinz)
\c@lstnumber=\count142
\lst@skipnumbers=\count143
\lst@framebox=\box33
)
(/usr/local/texlive/2017basic/texmf-dist/tex/latex/listings/listings.cfg
File: listings.cfg 2015/06/04 1.6 listings configuration
))
Package: listings 2015/06/04 1.6 (Carsten Heinz)

(/usr/local/texlive/2017basic/texmf-dist/tex/latex/listings/lstlang1.sty
File: lstlang1.sty 2015/06/04 1.6 listings language file
)
(/usr/local/texlive/2017basic/texmf-dist/tex/latex/listings/lstlang1.sty
File: lstlang1.sty 2015/06/04 1.6 listings language file
)
(/usr/local/texlive/2017basic/texmf-dist/tex/latex/listings/lstlang1.sty
File: lstlang1.sty 2015/06/04 1.6 listings language file
)
(/usr/local/texlive/2017basic/texmf-dist/tex/latex/listings/lstmisc.sty
File: lstmisc.sty 2015/06/04 1.6 (Carsten Heinz)
)
(/usr/local/texlive/2017basic/texmf-dist/tex/latex/fncychap/fncychap.sty
Package: fncychap 2007/07/30 v1.34 LaTeX package (Revised chapters)
\RW=\skip116
\mylen=\skip117
\myhi=\skip118
\px=\skip119
\py=\skip120
\pyy=\skip121
\pxx=\skip122
)
(/usr/local/texlive/2017basic/texmf-dist/tex/latex/jknapltx/mathrsfs.sty
Package: mathrsfs 1996/01/01 Math RSFS package v1.0 (jk)
\symrsfs=\mathgroup7
)
(/usr/local/texlive/2017basic/texmf-dist/tex/latex/tools/verbatim.sty
Package: verbatim 2014/10/28 v1.5q LaTeX2e package for verbatim enhancements
\every@verbatim=\toks37
\verbatim@line=\toks38
\verbatim@in@stream=\read2
)
(/usr/local/texlive/2017basic/texmf-dist/tex/latex/natbib/natbib.sty
Package: natbib 2010/09/13 8.31b (PWD, AO)
\bibhang=\skip123
\bibsep=\skip124
LaTeX Info: Redefining \cite on input line 694.
\c@NAT@ctr=\count144
)
(/usr/local/texlive/2017basic/texmf-dist/tex/latex/soul/soul.sty
Package: soul 2003/11/17 v2.4 letterspacing/underlining (mf)
\SOUL@word=\toks39
\SOUL@lasttoken=\toks40
\SOUL@cmds=\toks41
\SOUL@buffer=\toks42
\SOUL@token=\toks43
\SOUL@spaceskip=\skip125
\SOUL@ttwidth=\dimen162
\SOUL@uldp=\dimen163
\SOUL@ulht=\dimen164
)
(./ThesisCommands.tex)
(/usr/local/texlive/2017basic/texmf-dist/tex/latex/hyphenat/hyphenat.sty
Package: hyphenat 2009/09/02 v2.3c hyphenation utilities
\langwohyphens=\language22
LaTeX Info: Redefining \_ on input line 43.
)

LaTeX Warning: Unused global option(s):
    [open=right,numbers=noenddot].

(./Tesi.aux
! Undefined control sequence.
l.14 \reset@newl@bel
                    
? 
)
\openout1 = `Tesi.aux'.

LaTeX Font Info:    Checking defaults for OML/cmm/m/it on input line 83.
LaTeX Font Info:    ... okay on input line 83.
LaTeX Font Info:    Checking defaults for T1/cmr/m/n on input line 83.
LaTeX Font Info:    ... okay on input line 83.
LaTeX Font Info:    Checking defaults for OT1/cmr/m/n on input line 83.
LaTeX Font Info:    ... okay on input line 83.
LaTeX Font Info:    Checking defaults for OMS/cmsy/m/n on input line 83.
LaTeX Font Info:    ... okay on input line 83.
LaTeX Font Info:    Checking defaults for OMX/cmex/m/n on input line 83.
LaTeX Font Info:    ... okay on input line 83.
LaTeX Font Info:    Checking defaults for U/cmr/m/n on input line 83.
LaTeX Font Info:    ... okay on input line 83.
LaTeX Font Info:    Checking defaults for PD1/pdf/m/n on input line 83.
LaTeX Font Info:    ... okay on input line 83.
Package caption Info: Begin \AtBeginDocument code.
Package caption Info: subfig package v1.3 is loaded.
Package caption Info: hyperref package is loaded.
Package caption Info: listings package is loaded.
Package caption Info: rotating package is loaded.
Package caption Info: End \AtBeginDocument code.
\c@minilofdepth=\count145
\c@minilotdepth=\count146
\c@partlofdepth=\count147
\c@partlotdepth=\count148
\c@sectlofdepth=\count149
\c@sectlotdepth=\count150
Package minitoc(hints) Info: I0049
(minitoc(hints))             ==> You requested the hints option. 
(minitoc(hints))             Some hints are eventually given below.
Package minitoc(hints) Info: I0047
(minitoc(hints))             --- The tocloft package is loaded. 
(minitoc(hints))             See the minitoc package documentation 
(minitoc(hints))             for specific precautions.


Package minitoc(hints) Warning: W0099
(minitoc(hints))                --- The titlesec package is loaded. 
(minitoc(hints))                It is incompatible 
(minitoc(hints))                with the minitoc package.


Package minitoc(hints) Warning: W0030
(minitoc(hints))                --- The \part command is altered 
(minitoc(hints))                after minitoc.


Package minitoc(hints) Warning: W0023
(minitoc(hints))                --- It may be the consequence 
(minitoc(hints))                of loading the ``hyperref'' package.


Package minitoc(hints) Warning: W0028
(minitoc(hints))                --- The \chapter command is altered 
(minitoc(hints))                after minitoc.


Package minitoc(hints) Warning: W0023
(minitoc(hints))                --- It may be the consequence 
(minitoc(hints))                of loading the ``hyperref'' package.

\AtBeginShipoutBox=\box34
Package hyperref Info: Link coloring ON on input line 83.
(/usr/local/texlive/2017basic/texmf-dist/tex/latex/hyperref/nameref.sty
Package: nameref 2016/05/21 v2.44 Cross-referencing by name of section

(/usr/local/texlive/2017basic/texmf-dist/tex/generic/oberdiek/gettitlestring.st
y
Package: gettitlestring 2016/05/16 v1.5 Cleanup title references (HO)
)
\c@section@level=\count151
)
LaTeX Info: Redefining \ref on input line 83.
LaTeX Info: Redefining \pageref on input line 83.
LaTeX Info: Redefining \nameref on input line 83.
 (./Tesi.out) (./Tesi.out)
\@outlinefile=\write6
\openout6 = `Tesi.out'.


(/usr/local/texlive/2017basic/texmf-dist/tex/context/base/mkii/supp-pdf.mkii
[Loading MPS to PDF converter (version 2006.09.02).]
\scratchcounter=\count152
\scratchdimen=\dimen165
\scratchbox=\box35
\nofMPsegments=\count153
\nofMParguments=\count154
\everyMPshowfont=\toks44
\MPscratchCnt=\count155
\MPscratchDim=\dimen166
\MPnumerator=\count156
\makeMPintoPDFobject=\count157
\everyMPtoPDFconversion=\toks45
)
LaTeX Info: Redefining \microtypecontext on input line 83.
Package microtype Info: Generating PDF output.
Package microtype Info: Character protrusion enabled (level 2).
Package microtype Info: Using default protrusion set `alltext'.
Package microtype Info: No font expansion.
Package microtype Info: No adjustment of tracking.
Package microtype Info: No adjustment of interword spacing.
Package microtype Info: No adjustment of character kerning.
 (/usr/local/texlive/2017basic/texmf-dist/tex/latex/microtype/mt-ppl.cfg
File: mt-ppl.cfg 2005/11/16 v1.6 microtype config. file: Palatino (RS)
)
*geometry* driver: auto-detecting
*geometry* detected driver: pdftex
*geometry* verbose mode - [ preamble ] result:
* driver: pdftex
* paper: <default>
* layout: <same size as paper>
* layoutoffset:(h,v)=(0.0pt,0.0pt)
* modes: includehead includefoot twoside 
* h-part:(L,W,R)=(104.60315pt, 336.0pt, 156.90479pt)
* v-part:(T,H,B)=(30.76868pt, 768.12518pt, 46.15308pt)
* \paperwidth=597.50793pt
* \paperheight=845.04694pt
* \textwidth=336.0pt
* \textheight=675.0pt
* \oddsidemargin=32.33316pt
* \evensidemargin=84.6348pt
* \topmargin=-41.50131pt
* \headheight=17.0pt
* \headsep=22.83755pt
* \topskip=12.0pt
* \footskip=53.28763pt
* \marginparwidth=96.68231pt
* \marginparsep=12.8401pt
* \columnsep=10.0pt
* \skip\footins=10.8pt plus 4.0pt minus 2.0pt
* \hoffset=0.0pt
* \voffset=0.0pt
* \mag=1000
* \@twocolumnfalse
* \@twosidetrue
* \@mparswitchtrue
* \@reversemarginfalse
* (1in=72.27pt=25.4mm, 1cm=28.453pt)

\c@lstlisting=\count158
(./Chapters/0-Title_page.tex
LaTeX Font Info:    Font shape `T1/pplj/bx/n' in size <14.4> not available
(Font)              Font shape `T1/pplj/b/n' tried instead on input line 5.

Overfull \hbox (84.0pt too wide) in paragraph at lines 9--10
[]| 
 []


Underfull \hbox (badness 10000) in paragraph at lines 9--10

 []

<Images/Logo.jpg, id=232, 642.4pt x 642.4pt>
File: Images/Logo.jpg Graphic file (type jpg)
 <use Images/Logo.jpg>
Package pdftex.def Info: Images/Logo.jpg used on input line 13.
(pdftex.def)             Requested size: 642.39844pt x 642.39844pt.
Package microtype Info: Character `029' is missing
(microtype)             in font `T1/pplj/m/sc/12'.
(microtype)             Ignoring protrusion settings for this character.
LaTeX Font Info:    Font shape `T1/pplj/bx/n' in size <12> not available
(Font)              Font shape `T1/pplj/b/n' tried instead on input line 27.
LaTeX Font Info:    Font shape `T1/pplj/bx/n' in size <20.74> not available
(Font)              Font shape `T1/pplj/b/n' tried instead on input line 39.
LaTeX Font Info:    Try loading font information for U+zeur on input line 39.

(/usr/local/texlive/2017basic/texmf-dist/tex/latex/eulervm/uzeur.fd
File: uzeur.fd 2005/01/11 v4.0 (WaS)
)
(/usr/local/texlive/2017basic/texmf-dist/tex/latex/microtype/mt-eur.cfg
File: mt-eur.cfg 2006/07/31 v1.1 microtype config. file: AMS Euler Roman (RS)
)
LaTeX Font Info:    Try loading font information for U+zeus on input line 39.

(/usr/local/texlive/2017basic/texmf-dist/tex/latex/eulervm/uzeus.fd
File: uzeus.fd 2005/01/11 v4.0 (WaS)
)
(/usr/local/texlive/2017basic/texmf-dist/tex/latex/microtype/mt-eus.cfg
File: mt-eus.cfg 2006/07/28 v1.2 microtype config. file: AMS Euler Script (RS)
)
LaTeX Font Info:    Try loading font information for U+zeuex on input line 39.

(/usr/local/texlive/2017basic/texmf-dist/tex/latex/eulervm/uzeuex.fd
File: uzeuex.fd 2005/01/11 v4.0 (WaS)
)
(/usr/local/texlive/2017basic/texmf-dist/tex/latex/microtype/mt-msa.cfg
File: mt-msa.cfg 2006/02/04 v1.1 microtype config. file: AMS symbols (a) (RS)
)
(/usr/local/texlive/2017basic/texmf-dist/tex/latex/microtype/mt-msb.cfg
File: mt-msb.cfg 2005/06/01 v1.0 microtype config. file: AMS symbols (b) (RS)
)
LaTeX Font Info:    Try loading font information for OT1+zplm on input line 39.


(/usr/local/texlive/2017basic/texmf-dist/tex/latex/psnfss/ot1zplm.fd
File: ot1zplm.fd 2002/09/08 Fontinst v1.914 font definitions for OT1/zplm.
)
Package microtype Info: Loading generic settings for font family
(microtype)             `zplm' (encoding: OT1).
(microtype)             For optimal results, create family-specific settings.
(microtype)             See the microtype manual for details.
LaTeX Font Info:    Try loading font information for U+rsfs on input line 39.

(/usr/local/texlive/2017basic/texmf-dist/tex/latex/jknapltx/ursfs.fd
File: ursfs.fd 1998/03/24 rsfs font definition file (jk)
) [1



{/usr/local/texlive/2017basic/texmf-var/fonts/map/pdftex/updmap/pdftex.map} <./
Images/Logo.jpg>]) [2


] (./Chapters/Citation.tex) [3

] [4


]
(./Chapters/1-List_of_contents.tex
LaTeX Font Info:    Try loading font information for T1+iwona on input line 1.
LaTeX Font Info:    No file T1iwona.fd. on input line 1.


LaTeX Font Warning: Font shape `T1/iwona/m/n' undefined
(Font)              using `T1/cmr/m/n' instead on input line 1.

(/usr/local/texlive/2017basic/texmf-dist/tex/latex/microtype/mt-cmr.cfg
File: mt-cmr.cfg 2013/05/19 v2.2 microtype config. file: Computer Modern Roman 
(RS)
)
Package microtype Info: Loading generic settings for font family
(microtype)             `iwona' (encoding: T1).
(microtype)             For optimal results, create family-specific settings.
(microtype)             See the microtype manual for details.

(./Tesi.toc

LaTeX Font Warning: Font shape `T1/iwona/bx/n' undefined
(Font)              using `T1/iwona/m/n' instead on input line 4.


LaTeX Font Warning: Font shape `T1/iwona/bx/sc' undefined
(Font)              using `T1/iwona/bx/n' instead on input line 4.

[5


])
\tf@toc=\write7
\openout7 = `Tesi.toc'.

 [6]) (./Chapters/2-List_of_figures.tex (./Tesi.lof
Overfull \hbox (20.4742pt too wide) in paragraph at lines 9--9
 [][] []\T1/pplj/m/n/12 Schematic view of two sce-nar-ios for hadronic 
 []


Overfull \hbox (2.64142pt too wide) in paragraph at lines 23--23
 [][] []\T1/pplj/m/n/12 Equilibrium SHM fit to ex-per-i-men-tal data 
 []


Overfull \hbox (2.64142pt too wide) in paragraph at lines 24--24
 [][] []\T1/pplj/m/n/12 Equilibrium SHM fit to ex-per-i-men-tal data 
 []


Overfull \hbox (8.97826pt too wide) in paragraph at lines 26--26
 [][] []\T1/pplj/m/n/12 Centrality de-pen-dence of the en-hancement 
 []


Overfull \hbox (28.24324pt too wide) in paragraph at lines 28--28
 [][] []\T1/pplj/m/n/12 Prediction for $\U/zeur/m/n/12 p[]$ \T1/pplj/m/n/12 spe
c-trum of charged hadrons 
 []


Overfull \hbox (18.25421pt too wide) in paragraph at lines 28--28
 \T1/pplj/m/n/12 from frag-men-ta-tion and re-com-bi-na-tion mod- 
 []

[7





]
Overfull \hbox (0.3014pt too wide) in paragraph at lines 29--29
 \T1/pplj/m/n/12 dif-fer-ent col-lid-ing sys-tems by ALICE and 
 []


Overfull \hbox (19.93427pt too wide) in paragraph at lines 44--44
 [][] []\T1/pplj/m/n/12 Principle of track re-con-struc-tion in an ALICE 
 []


Overfull \hbox (26.60625pt too wide) in paragraph at lines 47--47
 [][] []\T1/pplj/m/n/12 Geometric prop-er-ties ob-tained from a Glauber 
 []


Overfull \hbox (1.4063pt too wide) in paragraph at lines 53--53
 [][] []\T1/pplj/m/n/12 Physical track-finding ef-fi-ciency in [] 
 []

[8]
Overfull \hbox (17.83028pt too wide) in paragraph at lines 71--71
 [][] []\T1/pplj/m/n/12 Distribution in ra-pid-ity of the $\U/zeur/m/n/12 ^^D[]
$ \T1/pplj/m/n/12 acceptance- 
 []


Overfull \hbox (21.19028pt too wide) in paragraph at lines 72--72
 [][] []\T1/pplj/m/n/12 Distribution in ra-pid-ity of the $\U/zeur/m/n/12 
[]$ \T1/pplj/m/n/12 acceptance- 
 []


Overfull \hbox (17.49821pt too wide) in paragraph at lines 73--73
 [][] []\T1/pplj/m/n/12 Ratios of ef-fi-cien-cies com-puted us-ing ``good'' 
 []


Overfull \hbox (19.15427pt too wide) in paragraph at lines 75--75
 \T1/pplj/m/n/12 par-ti-cles with and with-out the $\U/zeur/m/n/12 dy=d^^R$ \T1
/pplj/m/n/12 weigth- 
 []

[9]
Overfull \hbox (7.16624pt too wide) in paragraph at lines 86--86
 [][] []\T1/pplj/m/n/12 Corrected $\U/zeur/m/n/12 mcL=p$ \T1/pplj/m/n/12 dis-tr
i-bu-tions for the four 
 []


Overfull \hbox (20.06624pt too wide) in paragraph at lines 99--99
 [][] []\T1/pplj/m/n/12 Comparison of the stan-dard and re-weighted 
 []


Overfull \hbox (4.75926pt too wide) in paragraph at lines 103--103
 [][] []\T1/pplj/m/n/12 Systematic as a func-tion of $\U/zeur/m/n/12 p[]$ \T1/p
plj/m/n/12 for the num- 
 []

[10]
Overfull \hbox (5.45024pt too wide) in paragraph at lines 115--115
 [][] []\T1/pplj/m/n/12 Spectra in pp at [] col-li-sions com- 
 []


Overfull \hbox (35.51024pt too wide) in paragraph at lines 116--116
 [][] []\T1/pplj/m/n/12 Ratio of spec-tra in pp col-li-sions at [] 
 []


Overfull \hbox (15.0254pt too wide) in paragraph at lines 116--116
 \T1/pplj/m/n/12 and the pre-dic-tion by PYTHIA [] 
 []


Overfull \hbox (32.13826pt too wide) in paragraph at lines 117--117
 [][] []\T1/pplj/m/n/12 Cascade yields in pp col-li-sions at [] 
 []


Overfull \hbox (0.73424pt too wide) in paragraph at lines 121--121
 [][] []\T1/pplj/m/n/12 Spectra in pp col-li-sions with ex-trap-o-lated 
 []


Overfull \hbox (3.37425pt too wide) in paragraph at lines 122--122
 [][] []\T1/pplj/m/n/12 Fitting on the spec-tra in pp col-li-sions com- 
 []


Overfull \hbox (5.30623pt too wide) in paragraph at lines 123--123
 \T1/pplj/m/n/12 func-tion and the mod-i-fied Hage-dorn func- 
 []

)
\tf@lof=\write8
\openout8 = `Tesi.lof'.

 [11]) [12



] (./Chapters/3-List_of_tables.tex (./Tesi.lot
Overfull \hbox (0.84222pt too wide) in paragraph at lines 6--6
 [][] []\T1/pplj/m/n/12 Parameters of past and present heavy-ion 
 []


Overfull \hbox (20.28139pt too wide) in paragraph at lines 12--12
 [][] []\T1/pplj/m/n/12 Summary of the ALICE de-tec-tor sub-systems 
 []


Overfull \hbox (5.03018pt too wide) in paragraph at lines 21--21
 [][] []\T1/pplj/m/n/12 Transverse mo-men-tum bin-ning cho-sen for 
 []


Overfull \hbox (7.57425pt too wide) in paragraph at lines 27--27
 [][] []\T1/pplj/m/n/12 Event se-lec-tions ef-fects in pp col-li-sion anal- 
 []


Overfull \hbox (1.21428pt too wide) in paragraph at lines 33--33
 \T1/pplj/m/n/12 con-tain both sta-tis-ti-cal and sys-tem-atic un- 
 []

[13


]
Overfull \hbox (7.52623pt too wide) in paragraph at lines 37--37
 [][] []\T1/pplj/m/n/12 Summary of the es-ti-mated ge-o-met-ric prop- 
 []

)
\tf@lot=\write9
\openout9 = `Tesi.lot'.

 [14]) (./Chapters/4-Introduction.tex
Overfull \hbox (2.09595pt too wide) in paragraph at lines 5--6
\T1/pplj/m/n/12 (Eu-ro-pean Or-ga-ni-za-tion for Nu-clear Re-search) lab-o-ra-t
o-ries. The
 []


Underfull \vbox (badness 2326) has occurred while \output is active []

 [1








]
Overfull \hbox (5.73093pt too wide) in paragraph at lines 20--21
[]\T1/pplj/m/n/12 In this chap-ter the de-tec-tion ca-pa-bil-i-ties of the ALIC
E
 []


Overfull \hbox (2.34688pt too wide) in paragraph at lines 21--22
[]\T1/pplj/m/n/12 Here, the iden-ti-fi-ca-tion tech-nique, based on the topo-
 []


Overfull \hbox (6.56802pt too wide) in paragraph at lines 21--22
\T1/pplj/m/n/12 logi-cal re-con-struc-tion of the weak de-cay of the multi-stra
nge
 []


Overfull \hbox (0.8709pt too wide) in paragraph at lines 23--24
[]\T1/pplj/m/n/12 In this last chap-ter the phys-i-cal re-sults are pre-sented.

 []

)

LaTeX Font Warning: Font shape `T1/iwona/m/sc' undefined
(Font)              using `T1/iwona/m/n' instead on input line 96.

[2] (./Chapters/5-Chapter1.tex
Chapter 1.
) [3




] [4


] (./Chapters/6-Chapter2.tex
Chapter 2.
) [5


] [6


] (./Chapters/7-Chapter3.tex
Chapter 3.

Underfull \hbox (badness 1635) in paragraph at lines 9--9
[][][]\T1/pplj/m/n/10 For a par-ti-cle ac-cel-er-a-tor ex-per-i-ment, the lu-mi
-nos-ity is de-fined by:
 []

[7


] <Images/Cern-Accelerator-Complex.jpg, id=668, 845.1575pt x 683.05188pt>
File: Images/Cern-Accelerator-Complex.jpg Graphic file (type jpg)

<use Images/Cern-Accelerator-Complex.jpg>
Package pdftex.def Info: Images/Cern-Accelerator-Complex.jpg used on input line
 16.
(pdftex.def)             Requested size: 336.0pt x 271.55873pt.
) [8 <./Images/Cern-Accelerator-Complex.jpg>] (./Chapters/8-Chapter4.tex
Chapter 4.
) [9




] [10


] (./Chapters/9-Chapter5.tex
Chapter 5.
) [11


] [12


] (./Chapters/10-Chapter6.tex
Chapter 6.
) [13


] [14


] (./Chapters/11-Chapter7.tex
Chapter 7.
) [15


] [16


] (./Chapters/12-Conclusions.tex
Overfull \hbox (32.99057pt too wide) in paragraph at lines 8--9
\U/zeus/m/n/12 h\U/zeur/m/n/12 N[]\U/zeus/m/n/12 i$\T1/pplj/m/n/12 , at least u
p to the three most cen-tral classes ([]),
 []


Underfull \vbox (badness 4543) has occurred while \output is active []

 [17



]
Overfull \hbox (2.57506pt too wide) in paragraph at lines 14--15
\T1/pplj/m/n/12 ALICE Col-lab-o-ra-tion. The $\U/zeur/m/n/12 ^^D$ \T1/pplj/m/n/
12 seems to fol-low the same be-haviour
 []


Overfull \hbox (5.42393pt too wide) in paragraph at lines 14--15
\T1/pplj/m/n/12 ordering be-tween the dif-fer-ent bar-y-ons (and mesons) are pr
esent.
 []

[18]) (./Chapters/Bibliography.tex (./Tesi.bbl
Underfull \hbox (badness 1077) in paragraph at lines 4--8
\T1/pplj/m/it/12 Quarks and Lep-tons: an in-tro-duc-tory course in mod-ern
 []


Underfull \hbox (badness 10000) in paragraph at lines 4--8

 []


Underfull \hbox (badness 10000) in paragraph at lines 10--14

 []


Underfull \hbox (badness 10000) in paragraph at lines 16--20

 []


Underfull \hbox (badness 10000) in paragraph at lines 22--25

 []


Underfull \hbox (badness 10000) in paragraph at lines 27--31

 []


Underfull \hbox (badness 10000) in paragraph at lines 33--36

 []


Underfull \hbox (badness 1137) in paragraph at lines 38--42
\T1/pplj/m/n/12 na-tional de Physique Nu-cle-aire et de Physique des
 []


Underfull \hbox (badness 10000) in paragraph at lines 38--42

 []

[19







]
Underfull \hbox (badness 10000) in paragraph at lines 44--48

 []


Underfull \hbox (badness 10000) in paragraph at lines 50--54

 []


Underfull \hbox (badness 10000) in paragraph at lines 56--60

 []


Underfull \hbox (badness 10000) in paragraph at lines 62--66

 []


Overfull \hbox (11.09584pt too wide) in paragraph at lines 68--74
[][]\T1/pplj/m/n/12 http://cel.archives-ouvertes.fr/docs/00/65/29/35/PDF/8-
 []


Underfull \hbox (badness 10000) in paragraph at lines 68--74

 []


Underfull \hbox (badness 10000) in paragraph at lines 76--80

 []


Underfull \hbox (badness 10000) in paragraph at lines 82--86

 []

[20]
Underfull \hbox (badness 10000) in paragraph at lines 88--92

 []


Underfull \hbox (badness 10000) in paragraph at lines 94--98

 []


Underfull \hbox (badness 10000) in paragraph at lines 100--104

 []


Underfull \hbox (badness 10000) in paragraph at lines 106--110

 []


Underfull \hbox (badness 10000) in paragraph at lines 112--115

 []


Underfull \hbox (badness 10000) in paragraph at lines 117--121

 []


Underfull \hbox (badness 10000) in paragraph at lines 123--127

 []

[21]
Underfull \hbox (badness 10000) in paragraph at lines 129--132

 []


Underfull \hbox (badness 10000) in paragraph at lines 134--138
[][]\T1/pplj/m/n/12 http://press.web.cern.ch/press-releases/2000/02/new-
 []


Underfull \hbox (badness 10000) in paragraph at lines 134--138

 []


Underfull \hbox (badness 10000) in paragraph at lines 140--144

 []


Overfull \hbox (3.1518pt too wide) in paragraph at lines 146--149
[][]\T1/pplj/m/n/12 http://www.bnl.gov/rhic/news2/news.asp?a=303&t=pr[][]. 
 []


Underfull \hbox (badness 10000) in paragraph at lines 146--149

 []


Underfull \hbox (badness 10000) in paragraph at lines 151--154

 []


Underfull \hbox (badness 10000) in paragraph at lines 156--159

 []


Underfull \hbox (badness 10000) in paragraph at lines 161--164

 []


Underfull \hbox (badness 10000) in paragraph at lines 166--171

 []


Underfull \hbox (badness 1178) in paragraph at lines 173--178
\T1/pplj/m/it/12 Highly rel-a-tivis-tic nucleus-nucleus col-li-sions: the cen-t
ral
 []


Underfull \hbox (badness 10000) in paragraph at lines 173--178

 []

[22]
Overfull \hbox (26.28781pt too wide) in paragraph at lines 180--184
\T1/pplj/m/n/12 LINK: [][]http://www.ep.ph.bham.ac.uk/SQM2013/Home.html[][]. 
 []


Underfull \hbox (badness 10000) in paragraph at lines 180--184

 []


Underfull \hbox (badness 10000) in paragraph at lines 186--190

 []


Underfull \hbox (badness 10000) in paragraph at lines 192--196

 []


Underfull \hbox (badness 10000) in paragraph at lines 198--202

 []


Underfull \hbox (badness 10000) in paragraph at lines 204--208

 []


Underfull \hbox (badness 10000) in paragraph at lines 210--215

 []


Underfull \hbox (badness 10000) in paragraph at lines 217--221

 []

[23]
Underfull \hbox (badness 10000) in paragraph at lines 223--227

 []


Underfull \hbox (badness 10000) in paragraph at lines 229--232

 []


Underfull \hbox (badness 10000) in paragraph at lines 234--239

 []


Underfull \hbox (badness 10000) in paragraph at lines 241--246

 []


Underfull \hbox (badness 10000) in paragraph at lines 248--252

 []


Underfull \hbox (badness 10000) in paragraph at lines 254--258

 []


Underfull \hbox (badness 10000) in paragraph at lines 260--264

 []

[24]
Underfull \hbox (badness 1496) in paragraph at lines 266--271
\T1/pplj/m/it/12 Ra-dial and el-lip-tic flow in Pb+Pb col-li-sions at en-er-gie
s
 []


Underfull \hbox (badness 10000) in paragraph at lines 266--271

 []


Underfull \hbox (badness 10000) in paragraph at lines 273--277

 []


Underfull \hbox (badness 10000) in paragraph at lines 279--284

 []


Underfull \hbox (badness 10000) in paragraph at lines 286--290

 []


Underfull \hbox (badness 10000) in paragraph at lines 292--297

 []


Underfull \hbox (badness 10000) in paragraph at lines 299--304

 []


Underfull \hbox (badness 10000) in paragraph at lines 306--310

 []

[25]
Underfull \hbox (badness 10000) in paragraph at lines 312--317

 []


Underfull \hbox (badness 10000) in paragraph at lines 319--325

 []


Underfull \hbox (badness 10000) in paragraph at lines 327--331

 []


Underfull \hbox (badness 10000) in paragraph at lines 333--337

 []


Underfull \hbox (badness 10000) in paragraph at lines 339--342

 []


Underfull \hbox (badness 10000) in paragraph at lines 344--348

 []

[26]
Underfull \hbox (badness 10000) in paragraph at lines 350--355

 []


Underfull \hbox (badness 10000) in paragraph at lines 357--361

 []


Underfull \hbox (badness 10000) in paragraph at lines 363--367

 []


Underfull \hbox (badness 10000) in paragraph at lines 369--374

 []


Underfull \hbox (badness 10000) in paragraph at lines 376--381

 []


Underfull \hbox (badness 10000) in paragraph at lines 383--386

 []


Underfull \hbox (badness 10000) in paragraph at lines 388--392

 []

[27]
Underfull \hbox (badness 10000) in paragraph at lines 394--399

 []


Underfull \hbox (badness 10000) in paragraph at lines 401--405

 []


Underfull \hbox (badness 10000) in paragraph at lines 407--411

 []


Underfull \hbox (badness 10000) in paragraph at lines 413--417

 []


Underfull \hbox (badness 10000) in paragraph at lines 419--423

 []


Underfull \hbox (badness 10000) in paragraph at lines 425--430

 []


Underfull \hbox (badness 10000) in paragraph at lines 432--436

 []

[28]
Underfull \hbox (badness 10000) in paragraph at lines 438--442

 []


Underfull \hbox (badness 10000) in paragraph at lines 444--449

 []


Underfull \hbox (badness 10000) in paragraph at lines 451--455

 []


Underfull \hbox (badness 10000) in paragraph at lines 457--460

 []


Underfull \hbox (badness 10000) in paragraph at lines 462--466

 []


Underfull \hbox (badness 10000) in paragraph at lines 468--472

 []


Underfull \hbox (badness 10000) in paragraph at lines 474--479

 []

[29]
Underfull \hbox (badness 10000) in paragraph at lines 481--485

 []


Underfull \hbox (badness 10000) in paragraph at lines 487--491

 []


Underfull \hbox (badness 10000) in paragraph at lines 493--497

 []


Underfull \hbox (badness 10000) in paragraph at lines 499--502

 []


Underfull \hbox (badness 10000) in paragraph at lines 504--509

 []


Underfull \hbox (badness 10000) in paragraph at lines 511--516

 []


Underfull \hbox (badness 10000) in paragraph at lines 518--522

 []

[30]
Underfull \hbox (badness 10000) in paragraph at lines 524--528

 []


Underfull \hbox (badness 10000) in paragraph at lines 530--534

 []


Underfull \hbox (badness 10000) in paragraph at lines 536--541

 []


Underfull \hbox (badness 10000) in paragraph at lines 543--547

 []


Underfull \hbox (badness 10000) in paragraph at lines 549--552

 []


Underfull \hbox (badness 10000) in paragraph at lines 554--557
[][]\T1/pplj/m/n/12 http://te-epc-lpc.web.cern.ch/te-epc-
 []


Underfull \hbox (badness 10000) in paragraph at lines 554--557

 []


Underfull \hbox (badness 10000) in paragraph at lines 559--563

 []

[31]
Underfull \hbox (badness 10000) in paragraph at lines 565--569

 []


Underfull \hbox (badness 10000) in paragraph at lines 571--575

 []


Underfull \hbox (badness 10000) in paragraph at lines 577--581

 []


Underfull \hbox (badness 10000) in paragraph at lines 583--587

 []


Underfull \hbox (badness 10000) in paragraph at lines 589--592

 []


Underfull \hbox (badness 10000) in paragraph at lines 594--597

 []


Underfull \hbox (badness 10000) in paragraph at lines 599--603

 []


Underfull \hbox (badness 10000) in paragraph at lines 605--609

 []

[32]
Underfull \hbox (badness 10000) in paragraph at lines 611--616

 []


Underfull \hbox (badness 1436) in paragraph at lines 618--621
\T1/pplj/m/it/12 Day one Proton-Proton physics with the ALICE cen-tral
 []


Underfull \hbox (badness 10000) in paragraph at lines 618--621

 []


Underfull \hbox (badness 10000) in paragraph at lines 623--626

 []


Underfull \hbox (badness 10000) in paragraph at lines 628--633

 []


Underfull \hbox (badness 10000) in paragraph at lines 635--638

 []


Underfull \hbox (badness 10000) in paragraph at lines 640--643

 []


Underfull \hbox (badness 10000) in paragraph at lines 645--649

 []


Underfull \hbox (badness 10000) in paragraph at lines 651--655

 []

[33]
Underfull \hbox (badness 10000) in paragraph at lines 657--661

 []


Underfull \hbox (badness 10000) in paragraph at lines 663--665

 []


Underfull \hbox (badness 10000) in paragraph at lines 667--669

 []


Underfull \hbox (badness 1275) in paragraph at lines 671--675
\T1/pplj/m/n/12 In \T1/iwona/m/sc/12 Com-puter Physics Com-mu-ni-ca-tion \T1/pp
lj/b/n/12 135\T1/pplj/m/n/12 , p. 238-259
 []


Underfull \hbox (badness 10000) in paragraph at lines 671--675

 []


Underfull \hbox (badness 10000) in paragraph at lines 677--681

 []


Underfull \hbox (badness 10000) in paragraph at lines 683--687

 []


Underfull \hbox (badness 10000) in paragraph at lines 689--693

 []

[34]
Underfull \hbox (badness 10000) in paragraph at lines 695--698

 []


Underfull \hbox (badness 2376) in paragraph at lines 700--704
\T1/pplj/m/it/12 Pro-gres-sive track recog-ni-tion with a Kalman-like fit-ting
 []


Underfull \hbox (badness 1454) in paragraph at lines 700--704
\T1/pplj/m/n/12 In \T1/iwona/m/sc/12 Com-puter Physics Com-mu-ni-ca-tions \T1/p
plj/b/n/12 57\T1/pplj/m/n/12 , p. 390-394
 []


Underfull \hbox (badness 10000) in paragraph at lines 700--704

 []


Underfull \hbox (badness 1158) in paragraph at lines 706--711
\T1/pplj/m/it/12 Pro-duc-tion des bar-y-ons multi-tranges au LHC dans les
 []


Underfull \hbox (badness 10000) in paragraph at lines 706--711

 []


Underfull \hbox (badness 10000) in paragraph at lines 713--717

 []


Underfull \hbox (badness 10000) in paragraph at lines 719--724

 []


Underfull \hbox (badness 10000) in paragraph at lines 726--731

 []


Underfull \hbox (badness 10000) in paragraph at lines 733--738

 []

[35]
Underfull \hbox (badness 10000) in paragraph at lines 740--745

 []


Underfull \hbox (badness 10000) in paragraph at lines 747--751

 []


Underfull \hbox (badness 10000) in paragraph at lines 753--758

 []


Underfull \hbox (badness 10000) in paragraph at lines 760--765

 []


Underfull \hbox (badness 10000) in paragraph at lines 767--770

 []


Underfull \hbox (badness 10000) in paragraph at lines 772--777

 []


Underfull \hbox (badness 10000) in paragraph at lines 779--783

 []

[36]
Underfull \hbox (badness 10000) in paragraph at lines 785--789

 []


Underfull \hbox (badness 10000) in paragraph at lines 791--796

 []


Overfull \hbox (8.07185pt too wide) in paragraph at lines 798--801
[][]\T1/pplj/m/n/12 http://www-group.slac.stanford.edu/sluo/lectures/Stat_-
 []


Underfull \hbox (badness 10000) in paragraph at lines 798--801

 []


Underfull \hbox (badness 10000) in paragraph at lines 803--808

 []


Underfull \hbox (badness 10000) in paragraph at lines 810--814

 []


Underfull \hbox (badness 10000) in paragraph at lines 816--819
[][]\T1/pplj/m/n/12 http://www.hepforge.org/archive/pythia6/update_-
 []


Underfull \hbox (badness 10000) in paragraph at lines 816--819

 []


Underfull \hbox (badness 10000) in paragraph at lines 821--826

 []

[37]
Underfull \hbox (badness 10000) in paragraph at lines 828--832

 []


Underfull \hbox (badness 10000) in paragraph at lines 834--839

 []


Underfull \hbox (badness 10000) in paragraph at lines 841--846

 []


Underfull \hbox (badness 10000) in paragraph at lines 848--852

 []


Underfull \hbox (badness 10000) in paragraph at lines 854--857

 []


Underfull \hbox (badness 10000) in paragraph at lines 859--863

 []


Underfull \hbox (badness 10000) in paragraph at lines 865--870

 []

[38]
Underfull \hbox (badness 10000) in paragraph at lines 872--876

 []


Underfull \hbox (badness 10000) in paragraph at lines 878--881

 []


Overfull \hbox (30.55983pt too wide) in paragraph at lines 883--886
[][]\T1/pplj/m/n/12 http://root.cern.ch/root/html/TF1.html$#$TF1:IntegralError@
1[][]. 
 []


Underfull \hbox (badness 10000) in paragraph at lines 883--886

 []


Underfull \hbox (badness 10000) in paragraph at lines 888--893

 []

))
Package minitoc Info: I0009
(minitoc)             Listing minitoc auxiliary files. 
(minitoc)             Creating the Tesi.maf file.
\openout3 = `Tesi.maf'.



Package minitoc(hints) Warning: W0086
(minitoc(hints))                The fncychap package should be 
(minitoc(hints))                loaded BEFORE the minitoc package.


Package minitoc(hints) Warning: W0024
(minitoc(hints))                Some hints have been written 
(minitoc(hints))                in the Tesi.log file.

Package atveryend Info: Empty hook `BeforeClearDocument' on input line 108.
[39]
Package atveryend Info: Empty hook `AfterLastShipout' on input line 108.
 (./Tesi.aux)
Package atveryend Info: Executing hook `AtVeryEndDocument' on input line 108.
Package atveryend Info: Executing hook `AtEndAfterFileList' on input line 108.


Package rerunfilecheck Warning: File `Tesi.out' has changed.
(rerunfilecheck)                Rerun to get outlines right
(rerunfilecheck)                or use package `bookmark'.

Package rerunfilecheck Info: Checksums for `Tesi.out':
(rerunfilecheck)             Before: B2B3BA3AB1F7DDA4A839CE16C1C213C0;4351
(rerunfilecheck)             After:  5F6F7FD8AA39F99A1BD8B76CBB545754;751.

LaTeX Font Warning: Some font shapes were not available, defaults substituted.


LaTeX Warning: Label(s) may have changed. Rerun to get cross-references right.

Package atveryend Info: Empty hook `AtVeryVeryEnd' on input line 108.
 ) 
Here is how much of TeX's memory you used:
 19653 strings out of 494437
 327496 string characters out of 6166644
 516401 words of memory out of 5000000
 21892 multiletter control sequences out of 15000+600000
 78813 words of font info for 157 fonts, out of 8000000 for 9000
 373 hyphenation exceptions out of 8191
 65i,23n,89p,1590b,1205s stack positions out of 5000i,500n,10000p,200000b,80000s
pdfTeX warning (dest): name{table.caption.132} has been referenced but does n
ot exist, replaced by a fixed one

pdfTeX warning (dest): name{table.caption.129} has been referenced but does not
 exist, replaced by a fixed one

pdfTeX warning (dest): name{table.caption.128} has been referenced but does not
 exist, replaced by a fixed one

pdfTeX warning (dest): name{table.caption.123} has been referenced but does not
 exist, replaced by a fixed one

pdfTeX warning (dest): name{table.caption.122} has been referenced but does not
 exist, replaced by a fixed one

pdfTeX warning (dest): name{table.caption.114} has been referenced but does not
 exist, replaced by a fixed one

pdfTeX warning (dest): name{table.caption.112} has been referenced but does not
 exist, replaced by a fixed one

pdfTeX warning (dest): name{table.caption.111} has been referenced but does not
 exist, replaced by a fixed one

pdfTeX warning (dest): name{table.caption.102} has been referenced but does not
 exist, replaced by a fixed one

pdfTeX warning (dest): name{table.caption.93} has been referenced but does not 
exist, replaced by a fixed one

pdfTeX warning (dest): name{table.caption.90} has been referenced but does not 
exist, replaced by a fixed one

pdfTeX warning (dest): name{table.caption.89} has been referenced but does not 
exist, replaced by a fixed one

pdfTeX warning (dest): name{table.caption.88} has been referenced but does not 
exist, replaced by a fixed one

pdfTeX warning (dest): name{table.caption.86} has been referenced but does not 
exist, replaced by a fixed one

pdfTeX warning (dest): name{table.caption.79} has been referenced but does not 
exist, replaced by a fixed one

pdfTeX warning (dest): name{table.caption.67} has been referenced but does not 
exist, replaced by a fixed one

pdfTeX warning (dest): name{table.caption.53} has been referenced but does not 
exist, replaced by a fixed one

pdfTeX warning (dest): name{table.caption.51} has been referenced but does not 
exist, replaced by a fixed one

pdfTeX warning (dest): name{table.caption.48} has been referenced but does not 
exist, replaced by a fixed one

pdfTeX warning (dest): name{table.caption.45} has been referenced but does not 
exist, replaced by a fixed one

pdfTeX warning (dest): name{table.caption.32} has been referenced but does not 
exist, replaced by a fixed one

pdfTeX warning (dest): name{table.caption.14} has been referenced but does not 
exist, replaced by a fixed one

pdfTeX warning (dest): name{table.caption.10} has been referenced but does not 
exist, replaced by a fixed one

pdfTeX warning (dest): name{table.caption.8} has been referenced but does not e
xist, replaced by a fixed one

pdfTeX warning (dest): name{figure.caption.131} has been referenced but does no
t exist, replaced by a fixed one

pdfTeX warning (dest): name{figure.caption.130} has been referenced but does no
t exist, replaced by a fixed one

pdfTeX warning (dest): name{figure.caption.127} has been referenced but does no
t exist, replaced by a fixed one

pdfTeX warning (dest): name{figure.caption.126} has been referenced but does no
t exist, replaced by a fixed one

pdfTeX warning (dest): name{figure.caption.125} has been referenced but does no
t exist, replaced by a fixed one

pdfTeX warning (dest): name{figure.caption.124} has been referenced but does no
t exist, replaced by a fixed one

pdfTeX warning (dest): name{figure.caption.121} has been referenced but does no
t exist, replaced by a fixed one

pdfTeX warning (dest): name{figure.caption.120} has been referenced but does no
t exist, replaced by a fixed one

pdfTeX warning (dest): name{figure.caption.119} has been referenced but does no
t exist, replaced by a fixed one

pdfTeX warning (dest): name{figure.caption.118} has been referenced but does no
t exist, replaced by a fixed one

pdfTeX warning (dest): name{figure.caption.117} has been referenced but does no
t exist, replaced by a fixed one

pdfTeX warning (dest): name{figure.caption.116} has been referenced but does no
t exist, replaced by a fixed one

pdfTeX warning (dest): name{figure.caption.115} has been referenced but does no
t exist, replaced by a fixed one

pdfTeX warning (dest): name{figure.caption.113} has been referenced but does no
t exist, replaced by a fixed one

pdfTeX warning (dest): name{figure.caption.110} has been referenced but does no
t exist, replaced by a fixed one

pdfTeX warning (dest): name{figure.caption.109} has been referenced but does no
t exist, replaced by a fixed one

pdfTeX warning (dest): name{figure.caption.108} has been referenced but does no
t exist, replaced by a fixed one

pdfTeX warning (dest): name{figure.caption.107} has been referenced but does no
t exist, replaced by a fixed one

pdfTeX warning (dest): name{figure.caption.106} has been referenced but does no
t exist, replaced by a fixed one

pdfTeX warning (dest): name{figure.caption.105} has been referenced but does no
t exist, replaced by a fixed one

pdfTeX warning (dest): name{figure.caption.104} has been referenced but does no
t exist, replaced by a fixed one

pdfTeX warning (dest): name{figure.caption.103} has been referenced but does no
t exist, replaced by a fixed one

pdfTeX warning (dest): name{figure.caption.101} has been referenced but does no
t exist, replaced by a fixed one

pdfTeX warning (dest): name{figure.caption.100} has been referenced but does no
t exist, replaced by a fixed one

pdfTeX warning (dest): name{figure.caption.99} has been referenced but does not
 exist, replaced by a fixed one

pdfTeX warning (dest): name{figure.caption.98} has been referenced but does not
 exist, replaced by a fixed one

pdfTeX warning (dest): name{figure.caption.97} has been referenced but does not
 exist, replaced by a fixed one

pdfTeX warning (dest): name{figure.caption.96} has been referenced but does not
 exist, replaced by a fixed one

pdfTeX warning (dest): name{figure.caption.95} has been referenced but does not
 exist, replaced by a fixed one

pdfTeX warning (dest): name{figure.caption.94} has been referenced but does not
 exist, replaced by a fixed one

pdfTeX warning (dest): name{figure.caption.92} has been referenced but does not
 exist, replaced by a fixed one

pdfTeX warning (dest): name{figure.caption.91} has been referenced but does not
 exist, replaced by a fixed one

pdfTeX warning (dest): name{figure.caption.87} has been referenced but does not
 exist, replaced by a fixed one

pdfTeX warning (dest): name{figure.caption.85} has been referenced but does not
 exist, replaced by a fixed one

pdfTeX warning (dest): name{figure.caption.84} has been referenced but does not
 exist, replaced by a fixed one

pdfTeX warning (dest): name{figure.caption.83} has been referenced but does not
 exist, replaced by a fixed one

pdfTeX warning (dest): name{figure.caption.82} has been referenced but does not
 exist, replaced by a fixed one

pdfTeX warning (dest): name{figure.caption.81} has been referenced but does not
 exist, replaced by a fixed one

pdfTeX warning (dest): name{figure.caption.80} has been referenced but does not
 exist, replaced by a fixed one

pdfTeX warning (dest): name{figure.caption.78} has been referenced but does not
 exist, replaced by a fixed one

pdfTeX warning (dest): name{figure.caption.77} has been referenced but does not
 exist, replaced by a fixed one

pdfTeX warning (dest): name{figure.caption.76} has been referenced but does not
 exist, replaced by a fixed one

pdfTeX warning (dest): name{figure.caption.75} has been referenced but does not
 exist, replaced by a fixed one

pdfTeX warning (dest): name{figure.caption.74} has been referenced but does not
 exist, replaced by a fixed one

pdfTeX warning (dest): name{figure.caption.73} has been referenced but does not
 exist, replaced by a fixed one

pdfTeX warning (dest): name{figure.caption.72} has been referenced but does not
 exist, replaced by a fixed one

pdfTeX warning (dest): name{figure.caption.71} has been referenced but does not
 exist, replaced by a fixed one

pdfTeX warning (dest): name{figure.caption.70} has been referenced but does not
 exist, replaced by a fixed one

pdfTeX warning (dest): name{figure.caption.69} has been referenced but does not
 exist, replaced by a fixed one

pdfTeX warning (dest): name{figure.caption.68} has been referenced but does not
 exist, replaced by a fixed one

pdfTeX warning (dest): name{figure.caption.66} has been referenced but does not
 exist, replaced by a fixed one

pdfTeX warning (dest): name{figure.caption.65} has been referenced but does not
 exist, replaced by a fixed one

pdfTeX warning (dest): name{figure.caption.64} has been referenced but does not
 exist, replaced by a fixed one

pdfTeX warning (dest): name{figure.caption.63} has been referenced but does not
 exist, replaced by a fixed one

pdfTeX warning (dest): name{figure.caption.62} has been referenced but does not
 exist, replaced by a fixed one

pdfTeX warning (dest): name{figure.caption.61} has been referenced but does not
 exist, replaced by a fixed one

pdfTeX warning (dest): name{figure.caption.60} has been referenced but does not
 exist, replaced by a fixed one

pdfTeX warning (dest): name{figure.caption.59} has been referenced but does not
 exist, replaced by a fixed one

pdfTeX warning (dest): name{figure.caption.58} has been referenced but does not
 exist, replaced by a fixed one

pdfTeX warning (dest): name{figure.caption.57} has been referenced but does not
 exist, replaced by a fixed one

pdfTeX warning (dest): name{figure.caption.56} has been referenced but does not
 exist, replaced by a fixed one

pdfTeX warning (dest): name{figure.caption.55} has been referenced but does not
 exist, replaced by a fixed one

pdfTeX warning (dest): name{figure.caption.54} has been referenced but does not
 exist, replaced by a fixed one

pdfTeX warning (dest): name{figure.caption.52} has been referenced but does not
 exist, replaced by a fixed one

pdfTeX warning (dest): name{figure.caption.50} has been referenced but does not
 exist, replaced by a fixed one

pdfTeX warning (dest): name{figure.caption.49} has been referenced but does not
 exist, replaced by a fixed one

pdfTeX warning (dest): name{figure.caption.47} has been referenced but does not
 exist, replaced by a fixed one

pdfTeX warning (dest): name{figure.caption.46} has been referenced but does not
 exist, replaced by a fixed one

pdfTeX warning (dest): name{figure.caption.44} has been referenced but does not
 exist, replaced by a fixed one

pdfTeX warning (dest): name{figure.caption.43} has been referenced but does not
 exist, replaced by a fixed one

pdfTeX warning (dest): name{figure.caption.42} has been referenced but does not
 exist, replaced by a fixed one

pdfTeX warning (dest): name{figure.caption.41} has been referenced but does not
 exist, replaced by a fixed one

pdfTeX warning (dest): name{figure.caption.40} has been referenced but does not
 exist, replaced by a fixed one

pdfTeX warning (dest): name{figure.caption.39} has been referenced but does not
 exist, replaced by a fixed one

pdfTeX warning (dest): name{figure.caption.38} has been referenced but does not
 exist, replaced by a fixed one

pdfTeX warning (dest): name{figure.caption.37} has been referenced but does not
 exist, replaced by a fixed one

pdfTeX warning (dest): name{figure.caption.36} has been referenced but does not
 exist, replaced by a fixed one

pdfTeX warning (dest): name{figure.caption.35} has been referenced but does not
 exist, replaced by a fixed one

pdfTeX warning (dest): name{figure.caption.34} has been referenced but does not
 exist, replaced by a fixed one

pdfTeX warning (dest): name{figure.caption.33} has been referenced but does not
 exist, replaced by a fixed one

pdfTeX warning (dest): name{figure.caption.31} has been referenced but does not
 exist, replaced by a fixed one

pdfTeX warning (dest): name{figure.caption.30} has been referenced but does not
 exist, replaced by a fixed one

pdfTeX warning (dest): name{figure.caption.29} has been referenced but does not
 exist, replaced by a fixed one

pdfTeX warning (dest): name{figure.caption.28} has been referenced but does not
 exist, replaced by a fixed one

pdfTeX warning (dest): name{figure.caption.27} has been referenced but does not
 exist, replaced by a fixed one

pdfTeX warning (dest): name{figure.caption.26} has been referenced but does not
 exist, replaced by a fixed one

pdfTeX warning (dest): name{figure.caption.25} has been referenced but does not
 exist, replaced by a fixed one

pdfTeX warning (dest): name{figure.caption.24} has been referenced but does not
 exist, replaced by a fixed one

pdfTeX warning (dest): name{figure.caption.23} has been referenced but does not
 exist, replaced by a fixed one

pdfTeX warning (dest): name{figure.caption.22} has been referenced but does not
 exist, replaced by a fixed one

pdfTeX warning (dest): name{figure.caption.21} has been referenced but does not
 exist, replaced by a fixed one

pdfTeX warning (dest): name{figure.caption.20} has been referenced but does not
 exist, replaced by a fixed one

pdfTeX warning (dest): name{figure.caption.19} has been referenced but does not
 exist, replaced by a fixed one

pdfTeX warning (dest): name{figure.caption.18} has been referenced but does not
 exist, replaced by a fixed one

pdfTeX warning (dest): name{figure.caption.17} has been referenced but does not
 exist, replaced by a fixed one

pdfTeX warning (dest): name{figure.caption.16} has been referenced but does not
 exist, replaced by a fixed one

pdfTeX warning (dest): name{figure.caption.15} has been referenced but does not
 exist, replaced by a fixed one

pdfTeX warning (dest): name{figure.caption.13} has been referenced but does not
 exist, replaced by a fixed one

pdfTeX warning (dest): name{figure.caption.12} has been referenced but does not
 exist, replaced by a fixed one

pdfTeX warning (dest): name{figure.caption.11} has been referenced but does not
 exist, replaced by a fixed one

pdfTeX warning (dest): name{figure.caption.9} has been referenced but does not 
exist, replaced by a fixed one

pdfTeX warning (dest): name{figure.caption.7} has been referenced but does not 
exist, replaced by a fixed one

pdfTeX warning (dest): name{figure.caption.6} has been referenced but does not 
exist, replaced by a fixed one

pdfTeX warning (dest): name{figure.caption.5} has been referenced but does not 
exist, replaced by a fixed one

pdfTeX warning (dest): name{figure.caption.4} has been referenced but does not 
exist, replaced by a fixed one

pdfTeX warning (dest): name{figure.caption.3} has been referenced but does not 
exist, replaced by a fixed one

pdfTeX warning (dest): name{figure.caption.133} has been referenced but does no
t exist, replaced by a fixed one

pdfTeX warning (dest): name{section.7.3} has been referenced but does not exist
, replaced by a fixed one

pdfTeX warning (dest): name{section.7.2} has been referenced but does not exist
, replaced by a fixed one

pdfTeX warning (dest): name{section.7.1} has been referenced but does not exist
, replaced by a fixed one

pdfTeX warning (dest): name{section.6.4} has been referenced but does not exist
, replaced by a fixed one

pdfTeX warning (dest): name{subsection.6.3.6} has been referenced but does not 
exist, replaced by a fixed one

pdfTeX warning (dest): name{subsection.6.3.5} has been referenced but does not 
exist, replaced by a fixed one

pdfTeX warning (dest): name{subsection.6.3.4} has been referenced but does not 
exist, replaced by a fixed one

pdfTeX warning (dest): name{subsection.6.3.3} has been referenced but does not 
exist, replaced by a fixed one

pdfTeX warning (dest): name{subsection.6.3.2} has been referenced but does not 
exist, replaced by a fixed one

pdfTeX warning (dest): name{subsection.6.3.1} has been referenced but does not 
exist, replaced by a fixed one

pdfTeX warning (dest): name{section.6.3} has been referenced but does not exist
, replaced by a fixed one

pdfTeX warning (dest): name{section.6.2} has been referenced but does not exist
, replaced by a fixed one

pdfTeX warning (dest): name{section.6.1} has been referenced but does not exist
, replaced by a fixed one

pdfTeX warning (dest): name{section.5.4} has been referenced but does not exist
, replaced by a fixed one

pdfTeX warning (dest): name{subsection.5.3.6} has been referenced but does not 
exist, replaced by a fixed one

pdfTeX warning (dest): name{subsection.5.3.5} has been referenced but does not 
exist, replaced by a fixed one

pdfTeX warning (dest): name{subsection.5.3.4} has been referenced but does not 
exist, replaced by a fixed one

pdfTeX warning (dest): name{subsection.5.3.3} has been referenced but does not 
exist, replaced by a fixed one

pdfTeX warning (dest): name{subsection.5.3.2} has been referenced but does not 
exist, replaced by a fixed one

pdfTeX warning (dest): name{subsection.5.3.1} has been referenced but does not 
exist, replaced by a fixed one

pdfTeX warning (dest): name{section.5.3} has been referenced but does not exist
, replaced by a fixed one

pdfTeX warning (dest): name{section.5.2} has been referenced but does not exist
, replaced by a fixed one

pdfTeX warning (dest): name{section.5.1} has been referenced but does not exist
, replaced by a fixed one

pdfTeX warning (dest): name{section.4.3} has been referenced but does not exist
, replaced by a fixed one

pdfTeX warning (dest): name{section.4.2} has been referenced but does not exist
, replaced by a fixed one

pdfTeX warning (dest): name{section.4.1} has been referenced but does not exist
, replaced by a fixed one

pdfTeX warning (dest): name{subsection.3.2.7} has been referenced but does not 
exist, replaced by a fixed one

pdfTeX warning (dest): name{subsection.3.2.6} has been referenced but does not 
exist, replaced by a fixed one

pdfTeX warning (dest): name{subsection.3.2.5} has been referenced but does not 
exist, replaced by a fixed one

pdfTeX warning (dest): name{subsection.3.2.4} has been referenced but does not 
exist, replaced by a fixed one

pdfTeX warning (dest): name{subsection.3.2.3} has been referenced but does not 
exist, replaced by a fixed one

pdfTeX warning (dest): name{subsection.3.2.2} has been referenced but does not 
exist, replaced by a fixed one

pdfTeX warning (dest): name{subsection.3.2.1} has been referenced but does not 
exist, replaced by a fixed one

pdfTeX warning (dest): name{section.3.2} has been referenced but does not exist
, replaced by a fixed one

pdfTeX warning (dest): name{subsection.2.4.1} has been referenced but does not 
exist, replaced by a fixed one

pdfTeX warning (dest): name{section.2.4} has been referenced but does not exist
, replaced by a fixed one

pdfTeX warning (dest): name{subsection.2.3.4} has been referenced but does not 
exist, replaced by a fixed one

pdfTeX warning (dest): name{subsection.2.3.3} has been referenced but does not 
exist, replaced by a fixed one

pdfTeX warning (dest): name{subsection.2.3.2} has been referenced but does not 
exist, replaced by a fixed one

pdfTeX warning (dest): name{subsection.2.3.1} has been referenced but does not 
exist, replaced by a fixed one

pdfTeX warning (dest): name{section.2.3} has been referenced but does not exist
, replaced by a fixed one

pdfTeX warning (dest): name{section.2.2} has been referenced but does not exist
, replaced by a fixed one

pdfTeX warning (dest): name{section.2.1} has been referenced but does not exist
, replaced by a fixed one

pdfTeX warning (dest): name{section.1.3} has been referenced but does not exist
, replaced by a fixed one

pdfTeX warning (dest): name{section.1.2} has been referenced but does not exist
, replaced by a fixed one

pdfTeX warning (dest): name{section.1.1} has been referenced but does not exist
, replaced by a fixed one

{/usr/local/texlive/2017basic/texmf-dist/fonts/enc/dvips/base/8r.enc}{/usr/loca
l/texlive/2017basic/texmf-dist/fonts/enc/dvips/cm-super/cm-super-t1.enc}</usr/l
ocal/texlive/2017basic/texmf-dist/fonts/type1/public/amsfonts/cm/cmsy10.pfb></u
sr/local/texlive/2017basic/texmf-dist/fonts/type1/public/amsfonts/euler/eufm10.
pfb></usr/local/texlive/2017basic/texmf-dist/fonts/type1/public/amsfonts/euler/
eurb10.pfb></usr/local/texlive/2017basic/texmf-dist/fonts/type1/public/amsfonts
/euler/eurm10.pfb></usr/local/texlive/2017basic/texmf-dist/fonts/type1/public/a
msfonts/euler/eurm7.pfb></usr/local/texlive/2017basic/texmf-dist/fonts/type1/pu
blic/amsfonts/euler/eusm10.pfb></usr/local/texlive/2017basic/texmf-dist/fonts/t
ype1/public/fpl/fplbj8a.pfb></usr/local/texlive/2017basic/texmf-dist/fonts/type
1/public/fpl/fplrc8a.pfb></usr/local/texlive/2017basic/texmf-dist/fonts/type1/p
ublic/fpl/fplrij8a.pfb></usr/local/texlive/2017basic/texmf-dist/fonts/type1/pub
lic/cm-super/sfrm1095.pfb></usr/local/texlive/2017basic/texmf-dist/fonts/type1/
public/cm-super/sfrm1200.pfb></usr/local/texlive/2017basic/texmf-dist/fonts/typ
e1/public/cm-super/sfrm1728.pfb></usr/local/texlive/2017basic/texmf-dist/fonts/
type1/urw/palatino/uplb8a.pfb></usr/local/texlive/2017basic/texmf-dist/fonts/ty
pe1/urw/palatino/uplr8a.pfb></usr/local/texlive/2017basic/texmf-dist/fonts/type
1/urw/palatino/uplri8a.pfb>
Output written on Tesi.pdf (53 pages, 1049089 bytes).
PDF statistics:
 1116 PDF objects out of 1200 (max. 8388607)
 1032 compressed objects within 11 object streams
 389 named destinations out of 1000 (max. 500000)
 17875 words of extra memory for PDF output out of 20736 (max. 10000000)

